{"timestamp":"2025-09-14T08:13:48.421Z","level":"ERROR","message":"❌ Error fetching wallet token balances","data":{"wallet":"0xbA42BF0fD0B59FF60153cdF1c5937Aa3dA2CABF0","chain":1,"error":"Cannot read properties of undefined (reading 'toLowerCase')"}}
{"timestamp":"2025-09-14T08:13:48.513Z","level":"ERROR","message":"❌ Error fetching wallet token balances","data":{"wallet":"0xbA42BF0fD0B59FF60153cdF1c5937Aa3dA2CABF0","chain":1,"error":"Cannot read properties of undefined (reading 'toLowerCase')"}}
{"timestamp":"2025-09-14T08:13:49.116Z","level":"ERROR","message":"❌ Error fetching wallet token balances","data":{"wallet":"0xbA42BF0fD0B59FF60153cdF1c5937Aa3dA2CABF0","chain":1,"error":"Cannot read properties of undefined (reading 'toLowerCase')"}}
{"timestamp":"2025-09-14T08:13:49.343Z","level":"ERROR","message":"❌ Error fetching wallet token balances","data":{"wallet":"0xbA42BF0fD0B59FF60153cdF1c5937Aa3dA2CABF0","chain":1,"error":"Cannot read properties of undefined (reading 'toLowerCase')"}}
{"timestamp":"2025-09-14T08:14:20.698Z","level":"ERROR","message":"❌ Error fetching wallet token balances","data":{"wallet":"0xbA42BF0fD0B59FF60153cdF1c5937Aa3dA2CABF0","chain":1,"error":"Cannot read properties of undefined (reading 'toLowerCase')"}}
{"timestamp":"2025-09-14T08:14:20.718Z","level":"ERROR","message":"❌ Error fetching wallet token balances","data":{"wallet":"0xbA42BF0fD0B59FF60153cdF1c5937Aa3dA2CABF0","chain":1,"error":"Cannot read properties of undefined (reading 'toLowerCase')"}}
{"timestamp":"2025-09-14T08:14:21.342Z","level":"ERROR","message":"❌ Error fetching wallet token balances","data":{"wallet":"0xbA42BF0fD0B59FF60153cdF1c5937Aa3dA2CABF0","chain":1,"error":"Cannot read properties of undefined (reading 'toLowerCase')"}}
{"timestamp":"2025-09-14T08:14:21.656Z","level":"ERROR","message":"❌ Error fetching wallet token balances","data":{"wallet":"0xbA42BF0fD0B59FF60153cdF1c5937Aa3dA2CABF0","chain":1,"error":"Cannot read properties of undefined (reading 'toLowerCase')"}}
{"timestamp":"2025-09-14T08:14:24.350Z","level":"ERROR","message":"❌ Error fetching wallet token balances","data":{"wallet":"0xbA42BF0fD0B59FF60153cdF1c5937Aa3dA2CABF0","chain":1,"error":"Cannot read properties of undefined (reading 'toLowerCase')"}}
{"timestamp":"2025-09-14T08:14:59.317Z","level":"ERROR","message":"❌ Error fetching wallet token balances","data":{"wallet":"0xbA42BF0fD0B59FF60153cdF1c5937Aa3dA2CABF0","chain":1,"error":"Cannot read properties of undefined (reading 'toLowerCase')"}}
{"timestamp":"2025-09-14T08:14:59.451Z","level":"ERROR","message":"❌ Error fetching wallet token balances","data":{"wallet":"0xbA42BF0fD0B59FF60153cdF1c5937Aa3dA2CABF0","chain":1,"error":"Cannot read properties of undefined (reading 'toLowerCase')"}}
{"timestamp":"2025-09-14T08:15:00.027Z","level":"ERROR","message":"❌ Error fetching wallet token balances","data":{"wallet":"0xbA42BF0fD0B59FF60153cdF1c5937Aa3dA2CABF0","chain":1,"error":"Cannot read properties of undefined (reading 'toLowerCase')"}}
{"timestamp":"2025-09-14T08:15:00.342Z","level":"ERROR","message":"❌ Error fetching wallet token balances","data":{"wallet":"0xbA42BF0fD0B59FF60153cdF1c5937Aa3dA2CABF0","chain":1,"error":"Cannot read properties of undefined (reading 'toLowerCase')"}}
{"timestamp":"2025-09-14T08:18:51.413Z","level":"ERROR","message":"❌ Error fetching wallet token balances","data":{"wallet":"0xbA42BF0fD0B59FF60153cdF1c5937Aa3dA2CABF0","chain":1,"error":"Cannot read properties of undefined (reading 'toLowerCase')"}}
{"timestamp":"2025-09-14T08:18:52.346Z","level":"ERROR","message":"❌ Error fetching wallet token balances","data":{"wallet":"0xbA42BF0fD0B59FF60153cdF1c5937Aa3dA2CABF0","chain":1,"error":"Cannot read properties of undefined (reading 'toLowerCase')"}}
{"timestamp":"2025-09-14T08:18:52.368Z","level":"ERROR","message":"❌ Error fetching wallet token balances","data":{"wallet":"0xbA42BF0fD0B59FF60153cdF1c5937Aa3dA2CABF0","chain":1,"error":"Cannot read properties of undefined (reading 'toLowerCase')"}}
{"timestamp":"2025-09-14T08:18:53.012Z","level":"ERROR","message":"❌ Error fetching wallet token balances","data":{"wallet":"0xbA42BF0fD0B59FF60153cdF1c5937Aa3dA2CABF0","chain":1,"error":"Cannot read properties of undefined (reading 'toLowerCase')"}}
{"timestamp":"2025-09-14T08:20:29.785Z","level":"ERROR","message":"❌ Error fetching wallet token balances","data":{"wallet":"0xbA42BF0fD0B59FF60153cdF1c5937Aa3dA2CABF0","chain":1,"error":"Cannot read properties of undefined (reading 'toLowerCase')"}}
{"timestamp":"2025-09-14T08:20:40.018Z","level":"ERROR","message":"❌ Error fetching wallet token balances","data":{"wallet":"0xbA42BF0fD0B59FF60153cdF1c5937Aa3dA2CABF0","chain":2,"error":"Unsupported chain ID: 2"}}
{"timestamp":"2025-09-14T08:20:43.835Z","level":"ERROR","message":"❌ Error fetching wallet token balances","data":{"wallet":"0xbA42BF0fD0B59FF60153cdF1c5937Aa3dA2CABF0","chain":1,"error":"Cannot read properties of undefined (reading 'toLowerCase')"}}
{"timestamp":"2025-09-14T08:41:50.680Z","level":"ERROR","message":"❌ Error fetching wallet token balances","data":{"wallet":"0xbA42BF0fD0B59FF60153cdF1c5937Aa3dA2CABF0","chain":2,"error":"Unsupported chain ID: 2"}}
{"timestamp":"2025-09-14T09:28:00.765Z","level":"ERROR","message":"❌ Error fetching wallet token balances","data":{"wallet":"0xbA42BF0fD0B59FF60153cdF1c5937Aa3dA2CABF0","chain":1,"error":"[C0006] Request failed: timeout of 20000ms exceeded"}}
{"timestamp":"2025-09-14T09:28:07.921Z","level":"ERROR","message":"❌ Error fetching wallet token balances","data":{"wallet":"0xbA42BF0fD0B59FF60153cdF1c5937Aa3dA2CABF0","chain":1,"error":"[C0006] Request failed: timeout of 20000ms exceeded"}}
{"timestamp":"2025-09-14T09:28:16.366Z","level":"ERROR","message":"❌ Error fetching wallet token balances","data":{"wallet":"0xba42bf0fd0b59ff60153cdf1c5937aa3da2cabf0","chain":1,"error":"[C0006] Request failed, Internal Server Error(500): Unknown error occurred. Please try again or contact support."}}
{"timestamp":"2025-09-14T09:28:27.018Z","level":"ERROR","message":"❌ Error fetching wallet token balances","data":{"wallet":"0xba42bf0fd0b59ff60153cdf1c5937aa3da2cabf0","chain":1,"error":"[C0006] Request failed: timeout of 20000ms exceeded"}}
{"timestamp":"2025-09-14T09:28:27.951Z","level":"ERROR","message":"❌ Error fetching wallet token balances","data":{"wallet":"0xbA42BF0fD0B59FF60153cdF1c5937Aa3dA2CABF0","chain":1,"error":"[C0006] Request failed: timeout of 20000ms exceeded"}}
{"timestamp":"2025-09-14T09:28:42.848Z","level":"ERROR","message":"❌ Error fetching wallet token balances","data":{"wallet":"0xbA42BF0fD0B59FF60153cdF1c5937Aa3dA2CABF0","chain":1,"error":"[C0006] Request failed: timeout of 20000ms exceeded"}}
{"timestamp":"2025-09-14T09:28:42.866Z","level":"ERROR","message":"❌ Error fetching wallet token balances","data":{"wallet":"0xbA42BF0fD0B59FF60153cdF1c5937Aa3dA2CABF0","chain":1,"error":"[C0006] Request failed: timeout of 20000ms exceeded"}}
{"timestamp":"2025-09-14T09:28:55.838Z","level":"ERROR","message":"❌ Error fetching wallet token balances","data":{"wallet":"0xbA42BF0fD0B59FF60153cdF1c5937Aa3dA2CABF0","chain":1,"error":"[C0006] Request failed: timeout of 20000ms exceeded"}}
{"timestamp":"2025-09-14T09:29:02.730Z","level":"ERROR","message":"❌ Error fetching wallet token balances","data":{"wallet":"0xba42bf0fd0b59ff60153cdf1c5937aa3da2cabf0","chain":1,"error":"[C0006] Request failed, Internal Server Error(500): Unknown error occurred. Please try again or contact support."}}
{"timestamp":"2025-09-14T09:29:10.609Z","level":"ERROR","message":"❌ Error fetching wallet token balances","data":{"wallet":"0xbA42BF0fD0B59FF60153cdF1c5937Aa3dA2CABF0","chain":1,"error":"[C0006] Request failed, Internal Server Error(500): Unknown error occurred. Please try again or contact support."}}
{"timestamp":"2025-09-14T09:29:10.703Z","level":"ERROR","message":"❌ Error fetching wallet token balances","data":{"wallet":"0xbA42BF0fD0B59FF60153cdF1c5937Aa3dA2CABF0","chain":1,"error":"[C0006] Request failed, Internal Server Error(500): Unknown error occurred. Please try again or contact support."}}
{"timestamp":"2025-09-14T09:29:11.138Z","level":"ERROR","message":"❌ Error fetching wallet token balances","data":{"wallet":"0xbA42BF0fD0B59FF60153cdF1c5937Aa3dA2CABF0","chain":1,"error":"[C0006] Request failed, Internal Server Error(500): Unknown error occurred. Please try again or contact support."}}
{"timestamp":"2025-09-14T09:29:29.611Z","level":"ERROR","message":"❌ Error fetching wallet token balances","data":{"wallet":"0xbA42BF0fD0B59FF60153cdF1c5937Aa3dA2CABF0","chain":1,"error":"[C0006] Request failed, Internal Server Error(500): Unknown error occurred. Please try again or contact support."}}
{"timestamp":"2025-09-14T09:30:38.395Z","level":"ERROR","message":"❌ Error fetching wallet token balances","data":{"wallet":"0xbA42BF0fD0B59FF60153cdF1c5937Aa3dA2CABF0","chain":1,"error":"[C0006] Request failed, Internal Server Error(500): Unknown error occurred. Please try again or contact support."}}
{"timestamp":"2025-09-14T10:15:31.111Z","level":"ERROR","message":"❌ Error fetching trending tokens:","data":{"message":"item.data.price.replace is not a function"}}
{"timestamp":"2025-09-14T10:15:31.505Z","level":"ERROR","message":"❌ Error fetching top gainers:","data":{"message":"Request failed with status code 400","status":400,"statusText":"Bad Request"}}
{"timestamp":"2025-09-14T10:15:31.909Z","level":"ERROR","message":"❌ Error fetching top gainers:","data":{"message":"Request failed with status code 400","status":400,"statusText":"Bad Request"}}
{"timestamp":"2025-09-14T10:15:31.968Z","level":"ERROR","message":"❌ Error fetching trending tokens:","data":{"message":"item.data.price.replace is not a function"}}
{"timestamp":"2025-09-14T10:15:51.470Z","level":"ERROR","message":"❌ Error fetching trending tokens:","data":{"message":"item.data.price.replace is not a function"}}
{"timestamp":"2025-09-14T10:15:51.727Z","level":"ERROR","message":"❌ Error fetching top gainers:","data":{"message":"Request failed with status code 400","status":400,"statusText":"Bad Request"}}
{"timestamp":"2025-09-14T10:16:30.652Z","level":"ERROR","message":"❌ Error fetching trending tokens:","data":{"message":"item.data.price.replace is not a function"}}
{"timestamp":"2025-09-14T10:16:30.936Z","level":"ERROR","message":"❌ Error fetching top gainers:","data":{"message":"Request failed with status code 400","status":400,"statusText":"Bad Request"}}
{"timestamp":"2025-09-14T10:16:31.049Z","level":"ERROR","message":"❌ Error fetching trending tokens:","data":{"message":"item.data.price.replace is not a function"}}
{"timestamp":"2025-09-14T10:16:31.336Z","level":"ERROR","message":"❌ Error fetching top gainers:","data":{"message":"Request failed with status code 400","status":400,"statusText":"Bad Request"}}
{"timestamp":"2025-09-14T10:17:30.784Z","level":"ERROR","message":"❌ Error fetching trending tokens:","data":{"message":"item.data.price.replace is not a function"}}
{"timestamp":"2025-09-14T10:17:30.842Z","level":"ERROR","message":"❌ Error fetching top gainers:","data":{"message":"Request failed with status code 400","status":400,"statusText":"Bad Request"}}
{"timestamp":"2025-09-14T10:17:30.970Z","level":"ERROR","message":"❌ Error fetching trending tokens:","data":{"message":"item.data.price.replace is not a function"}}
{"timestamp":"2025-09-14T10:17:31.282Z","level":"ERROR","message":"❌ Error fetching top gainers:","data":{"message":"Request failed with status code 400","status":400,"statusText":"Bad Request"}}
{"timestamp":"2025-09-14T10:18:30.591Z","level":"ERROR","message":"❌ Error fetching trending tokens:","data":{"message":"item.data.price.replace is not a function"}}
{"timestamp":"2025-09-14T10:18:30.880Z","level":"ERROR","message":"❌ Error fetching top gainers:","data":{"message":"Request failed with status code 400","status":400,"statusText":"Bad Request"}}
{"timestamp":"2025-09-14T10:18:30.984Z","level":"ERROR","message":"❌ Error fetching trending tokens:","data":{"message":"item.data.price.replace is not a function"}}
{"timestamp":"2025-09-14T10:18:31.293Z","level":"ERROR","message":"❌ Error fetching top gainers:","data":{"message":"Request failed with status code 400","status":400,"statusText":"Bad Request"}}
{"timestamp":"2025-09-14T10:19:30.739Z","level":"ERROR","message":"❌ Error fetching trending tokens:","data":{"message":"item.data.price.replace is not a function"}}
{"timestamp":"2025-09-14T10:19:31.051Z","level":"ERROR","message":"❌ Error fetching top gainers:","data":{"message":"Request failed with status code 400","status":400,"statusText":"Bad Request"}}
{"timestamp":"2025-09-14T10:19:31.159Z","level":"ERROR","message":"❌ Error fetching trending tokens:","data":{"message":"item.data.price.replace is not a function"}}
{"timestamp":"2025-09-14T10:19:31.435Z","level":"ERROR","message":"❌ Error fetching top gainers:","data":{"message":"Request failed with status code 400","status":400,"statusText":"Bad Request"}}
{"timestamp":"2025-09-14T10:20:30.793Z","level":"ERROR","message":"❌ Error fetching trending tokens:","data":{"message":"item.data.price.replace is not a function"}}
{"timestamp":"2025-09-14T10:20:31.494Z","level":"ERROR","message":"❌ Error fetching top gainers:","data":{"message":"Request failed with status code 400","status":400,"statusText":"Bad Request"}}
{"timestamp":"2025-09-14T10:20:31.605Z","level":"ERROR","message":"❌ Error fetching trending tokens:","data":{"message":"item.data.price.replace is not a function"}}
{"timestamp":"2025-09-14T10:20:32.307Z","level":"ERROR","message":"❌ Error fetching top gainers:","data":{"message":"Request failed with status code 400","status":400,"statusText":"Bad Request"}}
{"timestamp":"2025-09-14T10:21:29.869Z","level":"ERROR","message":"❌ Error fetching trending tokens:","data":{"message":"item.data.price.replace is not a function"}}
{"timestamp":"2025-09-14T10:21:29.975Z","level":"ERROR","message":"❌ Error fetching top gainers:","data":{"message":"Request failed with status code 400","status":400,"statusText":"Bad Request"}}
{"timestamp":"2025-09-14T10:21:30.096Z","level":"ERROR","message":"❌ Error fetching trending tokens:","data":{"message":"item.data.price.replace is not a function"}}
{"timestamp":"2025-09-14T10:21:30.408Z","level":"ERROR","message":"❌ Error fetching top gainers:","data":{"message":"Request failed with status code 400","status":400,"statusText":"Bad Request"}}
{"timestamp":"2025-09-14T10:21:40.011Z","level":"ERROR","message":"❌ Error fetching trending tokens:","data":{"message":"item.data.price.replace is not a function"}}
{"timestamp":"2025-09-14T10:21:40.288Z","level":"ERROR","message":"❌ Error fetching top gainers:","data":{"message":"Request failed with status code 400","status":400,"statusText":"Bad Request"}}
{"timestamp":"2025-09-14T10:35:06.400Z","level":"ERROR","message":"❌ CoinGecko API error: 400 - {\"timestamp\":\"2025-09-14T10:35:06.023+00:00\",\"error_code\":10010,\"status\":{\"error_message\":\"If you are using Pro API key, please change your root URL from api.coingecko.com to pro-api.coingecko.com  Please refer here for more details: https://docs.coingecko.com/reference/authentication\"}}"}
{"timestamp":"2025-09-14T10:35:06.691Z","level":"ERROR","message":"❌ CoinGecko ping failed:","data":{}}
{"timestamp":"2025-09-14T10:35:06.692Z","level":"ERROR","message":"❌ Failed to initialize CoinGecko service:","data":{}}
{"timestamp":"2025-09-14T10:35:23.536Z","level":"ERROR","message":"❌ CoinGecko API error: 400 - {\"timestamp\":\"2025-09-14T10:35:23.175+00:00\",\"error_code\":10010,\"status\":{\"error_message\":\"If you are using Pro API key, please change your root URL from api.coingecko.com to pro-api.coingecko.com  Please refer here for more details: https://docs.coingecko.com/reference/authentication\"}}"}
{"timestamp":"2025-09-14T10:35:23.537Z","level":"ERROR","message":"❌ CoinGecko ping failed:","data":{}}
{"timestamp":"2025-09-14T10:35:23.537Z","level":"ERROR","message":"❌ Failed to initialize CoinGecko service:","data":{}}
{"timestamp":"2025-09-14T10:35:23.540Z","level":"ERROR","message":"Failed to initialize CoinGecko service:","data":{}}
{"timestamp":"2025-09-14T10:35:23.541Z","level":"ERROR","message":"Error response: 503","data":{"message":"Service initialization failed","errors":null}}
{"timestamp":"2025-09-14T10:35:50.689Z","level":"ERROR","message":"❌ CoinGecko API error: 400 - {\"timestamp\":\"2025-09-14T10:35:50.316+00:00\",\"error_code\":10010,\"status\":{\"error_message\":\"If you are using Pro API key, please change your root URL from api.coingecko.com to pro-api.coingecko.com  Please refer here for more details: https://docs.coingecko.com/reference/authentication\"}}"}
{"timestamp":"2025-09-14T10:35:50.690Z","level":"ERROR","message":"❌ CoinGecko ping failed:","data":{}}
{"timestamp":"2025-09-14T10:35:50.690Z","level":"ERROR","message":"❌ Failed to initialize CoinGecko service:","data":{}}
{"timestamp":"2025-09-14T10:35:50.691Z","level":"ERROR","message":"Failed to initialize CoinGecko service:","data":{}}
{"timestamp":"2025-09-14T10:35:50.691Z","level":"ERROR","message":"Error response: 503","data":{"message":"Service initialization failed","errors":null}}
{"timestamp":"2025-09-14T10:36:37.054Z","level":"ERROR","message":"❌ CoinGecko API error: 400 - {\"timestamp\":\"2025-09-14T10:36:36.676+00:00\",\"error_code\":10010,\"status\":{\"error_message\":\"If you are using Pro API key, please change your root URL from api.coingecko.com to pro-api.coingecko.com  Please refer here for more details: https://docs.coingecko.com/reference/authentication\"}}"}
{"timestamp":"2025-09-14T10:36:37.055Z","level":"ERROR","message":"❌ CoinGecko ping failed:","data":{}}
{"timestamp":"2025-09-14T10:36:37.055Z","level":"ERROR","message":"❌ Failed to initialize CoinGecko service:","data":{}}
{"timestamp":"2025-09-14T10:41:03.314Z","level":"ERROR","message":"❌ CoinGecko API error: 400","data":{"timestamp":"2025-09-14T10:41:02.930+00:00","error_code":10011,"status":{"error_message":"If you are using Demo API key, please change your root URL  from pro-api.coingecko.com to api.coingecko.com  Please refer here for more details: https://docs.coingecko.com/v3.0.1/reference/introduction"}}}
{"timestamp":"2025-09-14T10:41:03.388Z","level":"ERROR","message":"❌ CoinGecko ping failed:","data":{}}
{"timestamp":"2025-09-14T10:41:03.695Z","level":"ERROR","message":"❌ Failed to initialize CoinGecko service:","data":{}}
{"timestamp":"2025-09-14T10:41:40.440Z","level":"ERROR","message":"❌ CoinGecko API error: 400 - {\"timestamp\":\"2025-09-14T10:41:40.052+00:00\",\"error_code\":10010,\"status\":{\"error_message\":\"If you are using Pro API key, please change your root URL from api.coingecko.com to pro-api.coingecko.com  Please refer here for more details: https://docs.coingecko.com/reference/authentication\"}}"}
{"timestamp":"2025-09-14T10:41:40.441Z","level":"ERROR","message":"❌ CoinGecko ping failed:","data":{}}
{"timestamp":"2025-09-14T10:41:40.519Z","level":"ERROR","message":"❌ Failed to initialize CoinGecko service:","data":{}}
{"timestamp":"2025-09-14T10:43:22.463Z","level":"ERROR","message":"❌ CoinGecko API error: 400 - {\"timestamp\":\"2025-09-14T10:43:22.092+00:00\",\"error_code\":10010,\"status\":{\"error_message\":\"If you are using Pro API key, please change your root URL from api.coingecko.com to pro-api.coingecko.com  Please refer here for more details: https://docs.coingecko.com/reference/authentication\"}}"}
{"timestamp":"2025-09-14T10:43:22.464Z","level":"ERROR","message":"❌ CoinGecko ping failed:","data":{}}
{"timestamp":"2025-09-14T10:43:22.465Z","level":"ERROR","message":"❌ Failed to initialize CoinGecko service:","data":{}}
{"timestamp":"2025-09-14T10:43:41.845Z","level":"ERROR","message":"❌ CoinGecko API error: 400 - {\"timestamp\":\"2025-09-14T10:43:41.452+00:00\",\"error_code\":10010,\"status\":{\"error_message\":\"If you are using Pro API key, please change your root URL from api.coingecko.com to pro-api.coingecko.com  Please refer here for more details: https://docs.coingecko.com/reference/authentication\"}}"}
{"timestamp":"2025-09-14T10:43:41.845Z","level":"ERROR","message":"❌ CoinGecko ping failed:","data":{}}
{"timestamp":"2025-09-14T10:43:41.846Z","level":"ERROR","message":"❌ Failed to initialize CoinGecko service:","data":{}}
