{"timestamp":"2025-09-13T15:54:31.393Z","level":"WARN","message":"⚠️ Failed to fetch live price for ZENT:","data":"Request failed with status code 429"}
{"timestamp":"2025-09-13T15:54:31.394Z","level":"WARN","message":"⚠️ No price found for ZENT, returning 0"}
{"timestamp":"2025-09-13T16:06:01.784Z","level":"WARN","message":"📈 Missing 24h price change data for ETH"}
{"timestamp":"2025-09-13T16:06:01.784Z","level":"WARN","message":"📈 Available fields:","data":["tokenAddress","name","symbol","logo","thumbnail","decimals","balance","possibleSpam","verifiedContract","usdPrice","usdPrice24hrPercentChange","usdPrice24hrUsdChange","usdValue24hrUsdChange","usdValue","portfolioPercentage","balanceFormatted","nativeToken","totalSupply","totalSupplyFormatted","percentageRelativeToTotalSupply"]}
{"timestamp":"2025-09-13T16:06:02.649Z","level":"WARN","message":"📈 Missing 24h price change data for ROLL"}
{"timestamp":"2025-09-13T16:06:02.649Z","level":"WARN","message":"📈 Available fields:","data":["tokenAddress","name","symbol","logo","thumbnail","decimals","balance","possibleSpam","verifiedContract","usdPrice","usdPrice24hrPercentChange","usdPrice24hrUsdChange","usdValue24hrUsdChange","usdValue","portfolioPercentage","balanceFormatted","nativeToken","totalSupply","totalSupplyFormatted","percentageRelativeToTotalSupply"]}
{"timestamp":"2025-09-13T16:06:02.652Z","level":"WARN","message":"📈 Missing 24h price change data for UNI"}
{"timestamp":"2025-09-13T16:06:02.653Z","level":"WARN","message":"📈 Available fields:","data":["tokenAddress","name","symbol","logo","thumbnail","decimals","balance","possibleSpam","verifiedContract","usdPrice","usdPrice24hrPercentChange","usdPrice24hrUsdChange","usdValue24hrUsdChange","usdValue","portfolioPercentage","balanceFormatted","nativeToken","totalSupply","totalSupplyFormatted","percentageRelativeToTotalSupply"]}
{"timestamp":"2025-09-13T16:06:02.658Z","level":"WARN","message":"📈 Missing 24h price change data for WBTC"}
{"timestamp":"2025-09-13T16:06:02.660Z","level":"WARN","message":"📈 Available fields:","data":["tokenAddress","name","symbol","logo","thumbnail","decimals","balance","possibleSpam","verifiedContract","usdPrice","usdPrice24hrPercentChange","usdPrice24hrUsdChange","usdValue24hrUsdChange","usdValue","portfolioPercentage","balanceFormatted","nativeToken","totalSupply","totalSupplyFormatted","percentageRelativeToTotalSupply"]}
{"timestamp":"2025-09-13T16:06:02.668Z","level":"WARN","message":"📈 Missing 24h price change data for LINK"}
{"timestamp":"2025-09-13T16:06:02.668Z","level":"WARN","message":"📈 Available fields:","data":["tokenAddress","name","symbol","logo","thumbnail","decimals","balance","possibleSpam","verifiedContract","usdPrice","usdPrice24hrPercentChange","usdPrice24hrUsdChange","usdValue24hrUsdChange","usdValue","portfolioPercentage","balanceFormatted","nativeToken","totalSupply","totalSupplyFormatted","percentageRelativeToTotalSupply"]}
{"timestamp":"2025-09-13T16:06:03.585Z","level":"WARN","message":"📈 Missing 24h price change data for RAI"}
{"timestamp":"2025-09-13T16:06:03.587Z","level":"WARN","message":"📈 Available fields:","data":["tokenAddress","name","symbol","logo","thumbnail","decimals","balance","possibleSpam","verifiedContract","usdPrice","usdPrice24hrPercentChange","usdPrice24hrUsdChange","usdValue24hrUsdChange","usdValue","portfolioPercentage","balanceFormatted","nativeToken","totalSupply","totalSupplyFormatted","percentageRelativeToTotalSupply"]}
{"timestamp":"2025-09-13T16:06:03.606Z","level":"WARN","message":"📈 Missing 24h price change data for USDT"}
{"timestamp":"2025-09-13T16:06:03.607Z","level":"WARN","message":"📈 Available fields:","data":["tokenAddress","name","symbol","logo","thumbnail","decimals","balance","possibleSpam","verifiedContract","usdPrice","usdPrice24hrPercentChange","usdPrice24hrUsdChange","usdValue24hrUsdChange","usdValue","portfolioPercentage","balanceFormatted","nativeToken","totalSupply","totalSupplyFormatted","percentageRelativeToTotalSupply"]}
{"timestamp":"2025-09-13T16:06:03.619Z","level":"WARN","message":"📈 Missing 24h price change data for DAI"}
{"timestamp":"2025-09-13T16:06:03.620Z","level":"WARN","message":"📈 Available fields:","data":["tokenAddress","name","symbol","logo","thumbnail","decimals","balance","possibleSpam","verifiedContract","usdPrice","usdPrice24hrPercentChange","usdPrice24hrUsdChange","usdValue24hrUsdChange","usdValue","portfolioPercentage","balanceFormatted","nativeToken","totalSupply","totalSupplyFormatted","percentageRelativeToTotalSupply"]}
{"timestamp":"2025-09-13T16:06:04.128Z","level":"WARN","message":"⚠️ Failed to fetch live price for ZENT:","data":"Request failed with status code 429"}
{"timestamp":"2025-09-13T16:06:04.129Z","level":"WARN","message":"⚠️ No price found for ZENT, returning 0"}
{"timestamp":"2025-09-13T16:06:04.132Z","level":"WARN","message":"📈 Missing 24h price change data for ZENT"}
{"timestamp":"2025-09-13T16:06:04.140Z","level":"WARN","message":"📈 Available fields:","data":["tokenAddress","name","symbol","logo","thumbnail","decimals","balance","possibleSpam","verifiedContract","usdPrice","usdPrice24hrPercentChange","usdPrice24hrUsdChange","usdValue24hrUsdChange","usdValue","portfolioPercentage","balanceFormatted","nativeToken","totalSupply","totalSupplyFormatted","percentageRelativeToTotalSupply"]}
{"timestamp":"2025-09-13T16:06:04.154Z","level":"WARN","message":"📈 Missing 24h price change data for USDC"}
{"timestamp":"2025-09-13T16:06:04.159Z","level":"WARN","message":"📈 Available fields:","data":["tokenAddress","name","symbol","logo","thumbnail","decimals","balance","possibleSpam","verifiedContract","usdPrice","usdPrice24hrPercentChange","usdPrice24hrUsdChange","usdValue24hrUsdChange","usdValue","portfolioPercentage","balanceFormatted","nativeToken","totalSupply","totalSupplyFormatted","percentageRelativeToTotalSupply"]}
{"timestamp":"2025-09-13T16:09:16.279Z","level":"WARN","message":"⚠️ Error processing token ROLL:","data":"token.tokenAddress.toLowerCase is not a function"}
{"timestamp":"2025-09-13T16:09:16.320Z","level":"WARN","message":"⚠️ Error processing token UNI:","data":"token.tokenAddress.toLowerCase is not a function"}
{"timestamp":"2025-09-13T16:09:16.356Z","level":"WARN","message":"⚠️ Error processing token WBTC:","data":"token.tokenAddress.toLowerCase is not a function"}
{"timestamp":"2025-09-13T16:09:16.366Z","level":"WARN","message":"⚠️ Error processing token LINK:","data":"token.tokenAddress.toLowerCase is not a function"}
{"timestamp":"2025-09-13T16:09:16.376Z","level":"WARN","message":"⚠️ Error processing token RAI:","data":"token.tokenAddress.toLowerCase is not a function"}
{"timestamp":"2025-09-13T16:09:16.382Z","level":"WARN","message":"⚠️ Error processing token USDT:","data":"token.tokenAddress.toLowerCase is not a function"}
{"timestamp":"2025-09-13T16:09:16.388Z","level":"WARN","message":"⚠️ Error processing token DAI:","data":"token.tokenAddress.toLowerCase is not a function"}
{"timestamp":"2025-09-13T16:09:16.443Z","level":"WARN","message":"⚠️ Error processing token ZENT:","data":"token.tokenAddress.toLowerCase is not a function"}
{"timestamp":"2025-09-13T16:09:16.446Z","level":"WARN","message":"⚠️ Error processing token USDC:","data":"token.tokenAddress.toLowerCase is not a function"}
{"timestamp":"2025-09-13T16:10:36.016Z","level":"WARN","message":"📈 Missing 24h price change data for ETH"}
{"timestamp":"2025-09-13T16:10:36.016Z","level":"WARN","message":"📈 Available fields:","data":["tokenAddress","name","symbol","logo","thumbnail","decimals","balance","possibleSpam","verifiedContract","usdPrice","usdPrice24hrPercentChange","usdPrice24hrUsdChange","usdValue24hrUsdChange","usdValue","portfolioPercentage","balanceFormatted","nativeToken","totalSupply","totalSupplyFormatted","percentageRelativeToTotalSupply"]}
{"timestamp":"2025-09-13T16:10:36.750Z","level":"WARN","message":"📈 Missing 24h price change data for ROLL"}
{"timestamp":"2025-09-13T16:10:36.751Z","level":"WARN","message":"📈 Available fields:","data":["tokenAddress","name","symbol","logo","thumbnail","decimals","balance","possibleSpam","verifiedContract","usdPrice","usdPrice24hrPercentChange","usdPrice24hrUsdChange","usdValue24hrUsdChange","usdValue","portfolioPercentage","balanceFormatted","nativeToken","totalSupply","totalSupplyFormatted","percentageRelativeToTotalSupply"]}
{"timestamp":"2025-09-13T16:10:36.761Z","level":"WARN","message":"📈 Missing 24h price change data for UNI"}
{"timestamp":"2025-09-13T16:10:36.773Z","level":"WARN","message":"📈 Available fields:","data":["tokenAddress","name","symbol","logo","thumbnail","decimals","balance","possibleSpam","verifiedContract","usdPrice","usdPrice24hrPercentChange","usdPrice24hrUsdChange","usdValue24hrUsdChange","usdValue","portfolioPercentage","balanceFormatted","nativeToken","totalSupply","totalSupplyFormatted","percentageRelativeToTotalSupply"]}
{"timestamp":"2025-09-13T16:10:36.796Z","level":"WARN","message":"📈 Missing 24h price change data for WBTC"}
{"timestamp":"2025-09-13T16:10:36.800Z","level":"WARN","message":"📈 Available fields:","data":["tokenAddress","name","symbol","logo","thumbnail","decimals","balance","possibleSpam","verifiedContract","usdPrice","usdPrice24hrPercentChange","usdPrice24hrUsdChange","usdValue24hrUsdChange","usdValue","portfolioPercentage","balanceFormatted","nativeToken","totalSupply","totalSupplyFormatted","percentageRelativeToTotalSupply"]}
{"timestamp":"2025-09-13T16:10:36.816Z","level":"WARN","message":"📈 Missing 24h price change data for LINK"}
{"timestamp":"2025-09-13T16:10:36.816Z","level":"WARN","message":"📈 Available fields:","data":["tokenAddress","name","symbol","logo","thumbnail","decimals","balance","possibleSpam","verifiedContract","usdPrice","usdPrice24hrPercentChange","usdPrice24hrUsdChange","usdValue24hrUsdChange","usdValue","portfolioPercentage","balanceFormatted","nativeToken","totalSupply","totalSupplyFormatted","percentageRelativeToTotalSupply"]}
{"timestamp":"2025-09-13T16:10:37.523Z","level":"WARN","message":"📈 Missing 24h price change data for RAI"}
{"timestamp":"2025-09-13T16:10:37.523Z","level":"WARN","message":"📈 Available fields:","data":["tokenAddress","name","symbol","logo","thumbnail","decimals","balance","possibleSpam","verifiedContract","usdPrice","usdPrice24hrPercentChange","usdPrice24hrUsdChange","usdValue24hrUsdChange","usdValue","portfolioPercentage","balanceFormatted","nativeToken","totalSupply","totalSupplyFormatted","percentageRelativeToTotalSupply"]}
{"timestamp":"2025-09-13T16:10:37.530Z","level":"WARN","message":"📈 Missing 24h price change data for USDT"}
{"timestamp":"2025-09-13T16:10:37.530Z","level":"WARN","message":"📈 Available fields:","data":["tokenAddress","name","symbol","logo","thumbnail","decimals","balance","possibleSpam","verifiedContract","usdPrice","usdPrice24hrPercentChange","usdPrice24hrUsdChange","usdValue24hrUsdChange","usdValue","portfolioPercentage","balanceFormatted","nativeToken","totalSupply","totalSupplyFormatted","percentageRelativeToTotalSupply"]}
{"timestamp":"2025-09-13T16:10:37.537Z","level":"WARN","message":"📈 Missing 24h price change data for DAI"}
{"timestamp":"2025-09-13T16:10:37.537Z","level":"WARN","message":"📈 Available fields:","data":["tokenAddress","name","symbol","logo","thumbnail","decimals","balance","possibleSpam","verifiedContract","usdPrice","usdPrice24hrPercentChange","usdPrice24hrUsdChange","usdValue24hrUsdChange","usdValue","portfolioPercentage","balanceFormatted","nativeToken","totalSupply","totalSupplyFormatted","percentageRelativeToTotalSupply"]}
{"timestamp":"2025-09-13T16:10:38.203Z","level":"WARN","message":"📈 Missing 24h price change data for ZENT"}
{"timestamp":"2025-09-13T16:10:38.203Z","level":"WARN","message":"📈 Available fields:","data":["tokenAddress","name","symbol","logo","thumbnail","decimals","balance","possibleSpam","verifiedContract","usdPrice","usdPrice24hrPercentChange","usdPrice24hrUsdChange","usdValue24hrUsdChange","usdValue","portfolioPercentage","balanceFormatted","nativeToken","totalSupply","totalSupplyFormatted","percentageRelativeToTotalSupply"]}
{"timestamp":"2025-09-13T16:10:38.230Z","level":"WARN","message":"📈 Missing 24h price change data for USDC"}
{"timestamp":"2025-09-13T16:10:38.231Z","level":"WARN","message":"📈 Available fields:","data":["tokenAddress","name","symbol","logo","thumbnail","decimals","balance","possibleSpam","verifiedContract","usdPrice","usdPrice24hrPercentChange","usdPrice24hrUsdChange","usdValue24hrUsdChange","usdValue","portfolioPercentage","balanceFormatted","nativeToken","totalSupply","totalSupplyFormatted","percentageRelativeToTotalSupply"]}
{"timestamp":"2025-09-13T16:10:39.334Z","level":"WARN","message":"⚠️ Failed to fetch prices from CoinGecko:","data":"Request failed with status code 429"}
{"timestamp":"2025-09-13T16:10:39.411Z","level":"WARN","message":"⚠️ Failed to fetch prices from CoinGecko:","data":"Request failed with status code 429"}
{"timestamp":"2025-09-13T16:10:40.198Z","level":"WARN","message":"📈 Missing 24h price change data for ETH"}
{"timestamp":"2025-09-13T16:10:40.199Z","level":"WARN","message":"📈 Available fields:","data":["tokenAddress","name","symbol","logo","thumbnail","decimals","balance","possibleSpam","verifiedContract","usdPrice","usdPrice24hrPercentChange","usdPrice24hrUsdChange","usdValue24hrUsdChange","usdValue","portfolioPercentage","balanceFormatted","nativeToken","totalSupply","totalSupplyFormatted","percentageRelativeToTotalSupply"]}
{"timestamp":"2025-09-13T16:10:40.299Z","level":"WARN","message":"⚠️ Failed to fetch live price for ROLL:","data":"Request failed with status code 429"}
{"timestamp":"2025-09-13T16:10:40.300Z","level":"WARN","message":"⚠️ No price found for ROLL, returning 0"}
{"timestamp":"2025-09-13T16:10:40.301Z","level":"WARN","message":"📈 Missing 24h price change data for ROLL"}
{"timestamp":"2025-09-13T16:10:40.301Z","level":"WARN","message":"📈 Available fields:","data":["tokenAddress","name","symbol","logo","thumbnail","decimals","balance","possibleSpam","verifiedContract","usdPrice","usdPrice24hrPercentChange","usdPrice24hrUsdChange","usdValue24hrUsdChange","usdValue","portfolioPercentage","balanceFormatted","nativeToken","totalSupply","totalSupplyFormatted","percentageRelativeToTotalSupply"]}
{"timestamp":"2025-09-13T16:10:40.309Z","level":"WARN","message":"📈 Missing 24h price change data for UNI"}
{"timestamp":"2025-09-13T16:10:40.309Z","level":"WARN","message":"📈 Available fields:","data":["tokenAddress","name","symbol","logo","thumbnail","decimals","balance","possibleSpam","verifiedContract","usdPrice","usdPrice24hrPercentChange","usdPrice24hrUsdChange","usdValue24hrUsdChange","usdValue","portfolioPercentage","balanceFormatted","nativeToken","totalSupply","totalSupplyFormatted","percentageRelativeToTotalSupply"]}
{"timestamp":"2025-09-13T16:10:40.316Z","level":"WARN","message":"📈 Missing 24h price change data for WBTC"}
{"timestamp":"2025-09-13T16:10:40.316Z","level":"WARN","message":"📈 Available fields:","data":["tokenAddress","name","symbol","logo","thumbnail","decimals","balance","possibleSpam","verifiedContract","usdPrice","usdPrice24hrPercentChange","usdPrice24hrUsdChange","usdValue24hrUsdChange","usdValue","portfolioPercentage","balanceFormatted","nativeToken","totalSupply","totalSupplyFormatted","percentageRelativeToTotalSupply"]}
{"timestamp":"2025-09-13T16:10:40.323Z","level":"WARN","message":"📈 Missing 24h price change data for LINK"}
{"timestamp":"2025-09-13T16:10:40.323Z","level":"WARN","message":"📈 Available fields:","data":["tokenAddress","name","symbol","logo","thumbnail","decimals","balance","possibleSpam","verifiedContract","usdPrice","usdPrice24hrPercentChange","usdPrice24hrUsdChange","usdValue24hrUsdChange","usdValue","portfolioPercentage","balanceFormatted","nativeToken","totalSupply","totalSupplyFormatted","percentageRelativeToTotalSupply"]}
{"timestamp":"2025-09-13T16:10:40.411Z","level":"WARN","message":"⚠️ Failed to fetch live price for RAI:","data":"Request failed with status code 429"}
{"timestamp":"2025-09-13T16:10:40.412Z","level":"WARN","message":"⚠️ No price found for RAI, returning 0"}
{"timestamp":"2025-09-13T16:10:40.413Z","level":"WARN","message":"📈 Missing 24h price change data for RAI"}
{"timestamp":"2025-09-13T16:10:40.414Z","level":"WARN","message":"📈 Available fields:","data":["tokenAddress","name","symbol","logo","thumbnail","decimals","balance","possibleSpam","verifiedContract","usdPrice","usdPrice24hrPercentChange","usdPrice24hrUsdChange","usdValue24hrUsdChange","usdValue","portfolioPercentage","balanceFormatted","nativeToken","totalSupply","totalSupplyFormatted","percentageRelativeToTotalSupply"]}
{"timestamp":"2025-09-13T16:10:40.420Z","level":"WARN","message":"📈 Missing 24h price change data for USDT"}
{"timestamp":"2025-09-13T16:10:40.420Z","level":"WARN","message":"📈 Available fields:","data":["tokenAddress","name","symbol","logo","thumbnail","decimals","balance","possibleSpam","verifiedContract","usdPrice","usdPrice24hrPercentChange","usdPrice24hrUsdChange","usdValue24hrUsdChange","usdValue","portfolioPercentage","balanceFormatted","nativeToken","totalSupply","totalSupplyFormatted","percentageRelativeToTotalSupply"]}
{"timestamp":"2025-09-13T16:10:40.427Z","level":"WARN","message":"📈 Missing 24h price change data for DAI"}
{"timestamp":"2025-09-13T16:10:40.427Z","level":"WARN","message":"📈 Available fields:","data":["tokenAddress","name","symbol","logo","thumbnail","decimals","balance","possibleSpam","verifiedContract","usdPrice","usdPrice24hrPercentChange","usdPrice24hrUsdChange","usdValue24hrUsdChange","usdValue","portfolioPercentage","balanceFormatted","nativeToken","totalSupply","totalSupplyFormatted","percentageRelativeToTotalSupply"]}
{"timestamp":"2025-09-13T16:10:40.553Z","level":"WARN","message":"⚠️ Failed to fetch live price for ZENT:","data":"Request failed with status code 429"}
{"timestamp":"2025-09-13T16:10:40.553Z","level":"WARN","message":"⚠️ No price found for ZENT, returning 0"}
{"timestamp":"2025-09-13T16:10:40.554Z","level":"WARN","message":"📈 Missing 24h price change data for ZENT"}
{"timestamp":"2025-09-13T16:10:40.555Z","level":"WARN","message":"📈 Available fields:","data":["tokenAddress","name","symbol","logo","thumbnail","decimals","balance","possibleSpam","verifiedContract","usdPrice","usdPrice24hrPercentChange","usdPrice24hrUsdChange","usdValue24hrUsdChange","usdValue","portfolioPercentage","balanceFormatted","nativeToken","totalSupply","totalSupplyFormatted","percentageRelativeToTotalSupply"]}
{"timestamp":"2025-09-13T16:10:40.557Z","level":"WARN","message":"📈 Missing 24h price change data for USDC"}
{"timestamp":"2025-09-13T16:10:40.557Z","level":"WARN","message":"📈 Available fields:","data":["tokenAddress","name","symbol","logo","thumbnail","decimals","balance","possibleSpam","verifiedContract","usdPrice","usdPrice24hrPercentChange","usdPrice24hrUsdChange","usdValue24hrUsdChange","usdValue","portfolioPercentage","balanceFormatted","nativeToken","totalSupply","totalSupplyFormatted","percentageRelativeToTotalSupply"]}
{"timestamp":"2025-09-13T16:10:42.520Z","level":"WARN","message":"⚠️ Failed to fetch prices from CoinGecko:","data":"Request failed with status code 429"}
{"timestamp":"2025-09-13T16:10:42.584Z","level":"WARN","message":"⚠️ Failed to fetch prices from CoinGecko:","data":"Request failed with status code 429"}
{"timestamp":"2025-09-13T16:10:43.057Z","level":"WARN","message":"📈 Missing 24h price change data for ETH"}
{"timestamp":"2025-09-13T16:10:43.057Z","level":"WARN","message":"📈 Available fields:","data":["tokenAddress","name","symbol","logo","thumbnail","decimals","balance","possibleSpam","verifiedContract","usdPrice","usdPrice24hrPercentChange","usdPrice24hrUsdChange","usdValue24hrUsdChange","usdValue","portfolioPercentage","balanceFormatted","nativeToken","totalSupply","totalSupplyFormatted","percentageRelativeToTotalSupply"]}
{"timestamp":"2025-09-13T16:10:43.136Z","level":"WARN","message":"⚠️ Failed to fetch live price for ROLL:","data":"Request failed with status code 429"}
{"timestamp":"2025-09-13T16:10:43.137Z","level":"WARN","message":"⚠️ No price found for ROLL, returning 0"}
{"timestamp":"2025-09-13T16:10:43.139Z","level":"WARN","message":"📈 Missing 24h price change data for ROLL"}
{"timestamp":"2025-09-13T16:10:43.140Z","level":"WARN","message":"📈 Available fields:","data":["tokenAddress","name","symbol","logo","thumbnail","decimals","balance","possibleSpam","verifiedContract","usdPrice","usdPrice24hrPercentChange","usdPrice24hrUsdChange","usdValue24hrUsdChange","usdValue","portfolioPercentage","balanceFormatted","nativeToken","totalSupply","totalSupplyFormatted","percentageRelativeToTotalSupply"]}
{"timestamp":"2025-09-13T16:10:43.155Z","level":"WARN","message":"📈 Missing 24h price change data for UNI"}
{"timestamp":"2025-09-13T16:10:43.156Z","level":"WARN","message":"📈 Available fields:","data":["tokenAddress","name","symbol","logo","thumbnail","decimals","balance","possibleSpam","verifiedContract","usdPrice","usdPrice24hrPercentChange","usdPrice24hrUsdChange","usdValue24hrUsdChange","usdValue","portfolioPercentage","balanceFormatted","nativeToken","totalSupply","totalSupplyFormatted","percentageRelativeToTotalSupply"]}
{"timestamp":"2025-09-13T16:10:43.160Z","level":"WARN","message":"📈 Missing 24h price change data for WBTC"}
{"timestamp":"2025-09-13T16:10:43.161Z","level":"WARN","message":"📈 Available fields:","data":["tokenAddress","name","symbol","logo","thumbnail","decimals","balance","possibleSpam","verifiedContract","usdPrice","usdPrice24hrPercentChange","usdPrice24hrUsdChange","usdValue24hrUsdChange","usdValue","portfolioPercentage","balanceFormatted","nativeToken","totalSupply","totalSupplyFormatted","percentageRelativeToTotalSupply"]}
{"timestamp":"2025-09-13T16:10:43.167Z","level":"WARN","message":"📈 Missing 24h price change data for LINK"}
{"timestamp":"2025-09-13T16:10:43.168Z","level":"WARN","message":"📈 Available fields:","data":["tokenAddress","name","symbol","logo","thumbnail","decimals","balance","possibleSpam","verifiedContract","usdPrice","usdPrice24hrPercentChange","usdPrice24hrUsdChange","usdValue24hrUsdChange","usdValue","portfolioPercentage","balanceFormatted","nativeToken","totalSupply","totalSupplyFormatted","percentageRelativeToTotalSupply"]}
{"timestamp":"2025-09-13T16:10:43.245Z","level":"WARN","message":"⚠️ Failed to fetch live price for RAI:","data":"Request failed with status code 429"}
{"timestamp":"2025-09-13T16:10:43.245Z","level":"WARN","message":"⚠️ No price found for RAI, returning 0"}
{"timestamp":"2025-09-13T16:10:43.247Z","level":"WARN","message":"📈 Missing 24h price change data for RAI"}
{"timestamp":"2025-09-13T16:10:43.247Z","level":"WARN","message":"📈 Available fields:","data":["tokenAddress","name","symbol","logo","thumbnail","decimals","balance","possibleSpam","verifiedContract","usdPrice","usdPrice24hrPercentChange","usdPrice24hrUsdChange","usdValue24hrUsdChange","usdValue","portfolioPercentage","balanceFormatted","nativeToken","totalSupply","totalSupplyFormatted","percentageRelativeToTotalSupply"]}
{"timestamp":"2025-09-13T16:10:43.254Z","level":"WARN","message":"📈 Missing 24h price change data for USDT"}
{"timestamp":"2025-09-13T16:10:43.254Z","level":"WARN","message":"📈 Available fields:","data":["tokenAddress","name","symbol","logo","thumbnail","decimals","balance","possibleSpam","verifiedContract","usdPrice","usdPrice24hrPercentChange","usdPrice24hrUsdChange","usdValue24hrUsdChange","usdValue","portfolioPercentage","balanceFormatted","nativeToken","totalSupply","totalSupplyFormatted","percentageRelativeToTotalSupply"]}
{"timestamp":"2025-09-13T16:10:43.260Z","level":"WARN","message":"📈 Missing 24h price change data for DAI"}
{"timestamp":"2025-09-13T16:10:43.261Z","level":"WARN","message":"📈 Available fields:","data":["tokenAddress","name","symbol","logo","thumbnail","decimals","balance","possibleSpam","verifiedContract","usdPrice","usdPrice24hrPercentChange","usdPrice24hrUsdChange","usdValue24hrUsdChange","usdValue","portfolioPercentage","balanceFormatted","nativeToken","totalSupply","totalSupplyFormatted","percentageRelativeToTotalSupply"]}
{"timestamp":"2025-09-13T16:10:43.343Z","level":"WARN","message":"⚠️ Failed to fetch live price for ZENT:","data":"Request failed with status code 429"}
{"timestamp":"2025-09-13T16:10:43.344Z","level":"WARN","message":"⚠️ No price found for ZENT, returning 0"}
{"timestamp":"2025-09-13T16:10:43.346Z","level":"WARN","message":"📈 Missing 24h price change data for ZENT"}
{"timestamp":"2025-09-13T16:10:43.347Z","level":"WARN","message":"📈 Available fields:","data":["tokenAddress","name","symbol","logo","thumbnail","decimals","balance","possibleSpam","verifiedContract","usdPrice","usdPrice24hrPercentChange","usdPrice24hrUsdChange","usdValue24hrUsdChange","usdValue","portfolioPercentage","balanceFormatted","nativeToken","totalSupply","totalSupplyFormatted","percentageRelativeToTotalSupply"]}
{"timestamp":"2025-09-13T16:10:43.353Z","level":"WARN","message":"📈 Missing 24h price change data for USDC"}
{"timestamp":"2025-09-13T16:10:43.354Z","level":"WARN","message":"📈 Available fields:","data":["tokenAddress","name","symbol","logo","thumbnail","decimals","balance","possibleSpam","verifiedContract","usdPrice","usdPrice24hrPercentChange","usdPrice24hrUsdChange","usdValue24hrUsdChange","usdValue","portfolioPercentage","balanceFormatted","nativeToken","totalSupply","totalSupplyFormatted","percentageRelativeToTotalSupply"]}
{"timestamp":"2025-09-13T16:11:38.911Z","level":"WARN","message":"📈 Missing 24h price change data for ETH"}
{"timestamp":"2025-09-13T16:11:38.911Z","level":"WARN","message":"📈 Available fields:","data":["tokenAddress","name","symbol","logo","thumbnail","decimals","balance","possibleSpam","verifiedContract","usdPrice","usdPrice24hrPercentChange","usdPrice24hrUsdChange","usdValue24hrUsdChange","usdValue","portfolioPercentage","balanceFormatted","nativeToken","totalSupply","totalSupplyFormatted","percentageRelativeToTotalSupply"]}
{"timestamp":"2025-09-13T16:11:39.750Z","level":"WARN","message":"📈 Missing 24h price change data for ROLL"}
{"timestamp":"2025-09-13T16:11:39.750Z","level":"WARN","message":"📈 Available fields:","data":["tokenAddress","name","symbol","logo","thumbnail","decimals","balance","possibleSpam","verifiedContract","usdPrice","usdPrice24hrPercentChange","usdPrice24hrUsdChange","usdValue24hrUsdChange","usdValue","portfolioPercentage","balanceFormatted","nativeToken","totalSupply","totalSupplyFormatted","percentageRelativeToTotalSupply"]}
{"timestamp":"2025-09-13T16:11:39.753Z","level":"WARN","message":"📈 Missing 24h price change data for UNI"}
{"timestamp":"2025-09-13T16:11:39.753Z","level":"WARN","message":"📈 Available fields:","data":["tokenAddress","name","symbol","logo","thumbnail","decimals","balance","possibleSpam","verifiedContract","usdPrice","usdPrice24hrPercentChange","usdPrice24hrUsdChange","usdValue24hrUsdChange","usdValue","portfolioPercentage","balanceFormatted","nativeToken","totalSupply","totalSupplyFormatted","percentageRelativeToTotalSupply"]}
{"timestamp":"2025-09-13T16:11:39.766Z","level":"WARN","message":"📈 Missing 24h price change data for WBTC"}
{"timestamp":"2025-09-13T16:11:39.767Z","level":"WARN","message":"📈 Available fields:","data":["tokenAddress","name","symbol","logo","thumbnail","decimals","balance","possibleSpam","verifiedContract","usdPrice","usdPrice24hrPercentChange","usdPrice24hrUsdChange","usdValue24hrUsdChange","usdValue","portfolioPercentage","balanceFormatted","nativeToken","totalSupply","totalSupplyFormatted","percentageRelativeToTotalSupply"]}
{"timestamp":"2025-09-13T16:11:39.773Z","level":"WARN","message":"📈 Missing 24h price change data for LINK"}
{"timestamp":"2025-09-13T16:11:39.774Z","level":"WARN","message":"📈 Available fields:","data":["tokenAddress","name","symbol","logo","thumbnail","decimals","balance","possibleSpam","verifiedContract","usdPrice","usdPrice24hrPercentChange","usdPrice24hrUsdChange","usdValue24hrUsdChange","usdValue","portfolioPercentage","balanceFormatted","nativeToken","totalSupply","totalSupplyFormatted","percentageRelativeToTotalSupply"]}
{"timestamp":"2025-09-13T16:11:40.503Z","level":"WARN","message":"📈 Missing 24h price change data for RAI"}
{"timestamp":"2025-09-13T16:11:40.503Z","level":"WARN","message":"📈 Available fields:","data":["tokenAddress","name","symbol","logo","thumbnail","decimals","balance","possibleSpam","verifiedContract","usdPrice","usdPrice24hrPercentChange","usdPrice24hrUsdChange","usdValue24hrUsdChange","usdValue","portfolioPercentage","balanceFormatted","nativeToken","totalSupply","totalSupplyFormatted","percentageRelativeToTotalSupply"]}
{"timestamp":"2025-09-13T16:11:40.530Z","level":"WARN","message":"📈 Missing 24h price change data for USDT"}
{"timestamp":"2025-09-13T16:11:40.531Z","level":"WARN","message":"📈 Available fields:","data":["tokenAddress","name","symbol","logo","thumbnail","decimals","balance","possibleSpam","verifiedContract","usdPrice","usdPrice24hrPercentChange","usdPrice24hrUsdChange","usdValue24hrUsdChange","usdValue","portfolioPercentage","balanceFormatted","nativeToken","totalSupply","totalSupplyFormatted","percentageRelativeToTotalSupply"]}
{"timestamp":"2025-09-13T16:11:40.533Z","level":"WARN","message":"📈 Missing 24h price change data for DAI"}
{"timestamp":"2025-09-13T16:11:40.537Z","level":"WARN","message":"📈 Available fields:","data":["tokenAddress","name","symbol","logo","thumbnail","decimals","balance","possibleSpam","verifiedContract","usdPrice","usdPrice24hrPercentChange","usdPrice24hrUsdChange","usdValue24hrUsdChange","usdValue","portfolioPercentage","balanceFormatted","nativeToken","totalSupply","totalSupplyFormatted","percentageRelativeToTotalSupply"]}
{"timestamp":"2025-09-13T16:11:41.184Z","level":"WARN","message":"📈 Missing 24h price change data for ZENT"}
{"timestamp":"2025-09-13T16:11:41.186Z","level":"WARN","message":"📈 Available fields:","data":["tokenAddress","name","symbol","logo","thumbnail","decimals","balance","possibleSpam","verifiedContract","usdPrice","usdPrice24hrPercentChange","usdPrice24hrUsdChange","usdValue24hrUsdChange","usdValue","portfolioPercentage","balanceFormatted","nativeToken","totalSupply","totalSupplyFormatted","percentageRelativeToTotalSupply"]}
{"timestamp":"2025-09-13T16:11:41.206Z","level":"WARN","message":"📈 Missing 24h price change data for USDC"}
{"timestamp":"2025-09-13T16:11:41.214Z","level":"WARN","message":"📈 Available fields:","data":["tokenAddress","name","symbol","logo","thumbnail","decimals","balance","possibleSpam","verifiedContract","usdPrice","usdPrice24hrPercentChange","usdPrice24hrUsdChange","usdValue24hrUsdChange","usdValue","portfolioPercentage","balanceFormatted","nativeToken","totalSupply","totalSupplyFormatted","percentageRelativeToTotalSupply"]}
{"timestamp":"2025-09-13T16:26:20.485Z","level":"WARN","message":"⚠️ Failed to fetch prices from CoinGecko:","data":"Request failed with status code 429"}
{"timestamp":"2025-09-13T16:26:49.784Z","level":"WARN","message":"⚠️ Failed to fetch prices from CoinGecko:","data":"Request failed with status code 429"}
{"timestamp":"2025-09-13T16:32:39.546Z","level":"WARN","message":"⚠️ Failed to fetch prices from CoinGecko:","data":"Request failed with status code 429"}
{"timestamp":"2025-09-13T16:32:54.323Z","level":"WARN","message":"⚠️ Failed to fetch prices from CoinGecko:","data":"Request failed with status code 429"}
{"timestamp":"2025-09-13T16:32:54.453Z","level":"WARN","message":"⚠️ Failed to fetch prices from CoinGecko:","data":"Request failed with status code 429"}
{"timestamp":"2025-09-13T16:32:55.762Z","level":"WARN","message":"⚠️ Failed to fetch live price for ROLL:","data":"Request failed with status code 429"}
{"timestamp":"2025-09-13T16:32:55.762Z","level":"WARN","message":"⚠️ No price found for ROLL, returning 0"}
{"timestamp":"2025-09-13T16:32:55.974Z","level":"WARN","message":"⚠️ Failed to fetch live price for RAI:","data":"Request failed with status code 429"}
{"timestamp":"2025-09-13T16:32:55.974Z","level":"WARN","message":"⚠️ No price found for RAI, returning 0"}
{"timestamp":"2025-09-13T16:32:56.580Z","level":"WARN","message":"⚠️ Failed to fetch live price for ZENT:","data":"Request failed with status code 429"}
{"timestamp":"2025-09-13T16:32:56.581Z","level":"WARN","message":"⚠️ No price found for ZENT, returning 0"}
{"timestamp":"2025-09-13T16:37:55.510Z","level":"WARN","message":"⚠️ Failed to fetch live price for ZENT:","data":"Request failed with status code 429"}
{"timestamp":"2025-09-13T16:39:59.262Z","level":"WARN","message":"⚠️ Failed to fetch live price for ZENT:","data":"Request failed with status code 429"}
{"timestamp":"2025-09-13T16:39:59.435Z","level":"WARN","message":"⚠️ Failed to fetch prices from CoinGecko:","data":"Request failed with status code 429"}
{"timestamp":"2025-09-13T16:40:02.102Z","level":"WARN","message":"⚠️ Failed to fetch live price for ZENT:","data":"Request failed with status code 429"}
{"timestamp":"2025-09-13T16:40:11.554Z","level":"WARN","message":"⚠️ Failed to fetch prices from CoinGecko:","data":"Request failed with status code 429"}
{"timestamp":"2025-09-13T16:51:09.869Z","level":"WARN","message":"⚠️ Failed to fetch prices from CoinGecko:","data":"Request failed with status code 429"}
{"timestamp":"2025-09-13T16:51:10.648Z","level":"WARN","message":"⚠️ Failed to fetch prices from CoinGecko:","data":"Request failed with status code 429"}
{"timestamp":"2025-09-13T16:51:12.128Z","level":"WARN","message":"⚠️ Failed to fetch live price for ROLL:","data":"Request failed with status code 429"}
{"timestamp":"2025-09-13T16:51:12.129Z","level":"WARN","message":"⚠️ No price found for ROLL, returning 0"}
{"timestamp":"2025-09-13T16:51:12.685Z","level":"WARN","message":"⚠️ Failed to fetch live price for RAI:","data":"Request failed with status code 429"}
{"timestamp":"2025-09-13T16:51:12.686Z","level":"WARN","message":"⚠️ No price found for RAI, returning 0"}
{"timestamp":"2025-09-13T16:51:13.362Z","level":"WARN","message":"⚠️ Failed to fetch live price for ZENT:","data":"Request failed with status code 429"}
{"timestamp":"2025-09-13T16:51:13.363Z","level":"WARN","message":"⚠️ No price found for ZENT, returning 0"}
{"timestamp":"2025-09-13T16:51:52.972Z","level":"WARN","message":"⚠️ Failed to fetch live price for ZENT:","data":"Request failed with status code 429"}
{"timestamp":"2025-09-13T16:51:52.973Z","level":"WARN","message":"⚠️ No price found for ZENT, returning 0"}
{"timestamp":"2025-09-13T16:52:31.517Z","level":"WARN","message":"⚠️ Failed to fetch live price for RAI:","data":"Request failed with status code 429"}
{"timestamp":"2025-09-13T16:52:31.518Z","level":"WARN","message":"⚠️ No price found for RAI, returning 0"}
{"timestamp":"2025-09-13T16:52:31.574Z","level":"WARN","message":"⚠️ Failed to fetch live price for ZENT:","data":"Request failed with status code 429"}
{"timestamp":"2025-09-13T16:52:31.575Z","level":"WARN","message":"⚠️ No price found for ZENT, returning 0"}
{"timestamp":"2025-09-13T17:02:22.945Z","level":"WARN","message":"⚠️ No Moralis price data for ETH, falling back to external sources"}
{"timestamp":"2025-09-13T17:02:22.994Z","level":"WARN","message":"⚠️ No Moralis price data for ROLL, falling back to external sources"}
{"timestamp":"2025-09-13T17:02:24.099Z","level":"WARN","message":"⚠️ No Moralis price data for UNI, falling back to external sources"}
{"timestamp":"2025-09-13T17:02:24.101Z","level":"WARN","message":"⚠️ No Moralis price data for WBTC, falling back to external sources"}
{"timestamp":"2025-09-13T17:02:24.105Z","level":"WARN","message":"⚠️ No Moralis price data for LINK, falling back to external sources"}
{"timestamp":"2025-09-13T17:02:24.106Z","level":"WARN","message":"⚠️ No Moralis price data for RAI, falling back to external sources"}
{"timestamp":"2025-09-13T17:02:24.912Z","level":"WARN","message":"⚠️ No Moralis price data for USDT, falling back to external sources"}
{"timestamp":"2025-09-13T17:02:24.925Z","level":"WARN","message":"⚠️ No Moralis price data for DAI, falling back to external sources"}
{"timestamp":"2025-09-13T17:02:24.940Z","level":"WARN","message":"⚠️ No Moralis price data for ZENT, falling back to external sources"}
{"timestamp":"2025-09-13T17:02:25.788Z","level":"WARN","message":"⚠️ Failed to fetch live price for ZENT:","data":"Request failed with status code 429"}
{"timestamp":"2025-09-13T17:02:25.789Z","level":"WARN","message":"⚠️ No price found for ZENT, returning 0"}
{"timestamp":"2025-09-13T17:02:25.791Z","level":"WARN","message":"⚠️ No Moralis price data for USDC, falling back to external sources"}
{"timestamp":"2025-09-13T17:03:54.531Z","level":"WARN","message":"⚠️ No Moralis price data for ETH, falling back to external sources"}
{"timestamp":"2025-09-13T17:03:54.534Z","level":"WARN","message":"⚠️ No Moralis price data for ROLL, falling back to external sources"}
{"timestamp":"2025-09-13T17:03:54.534Z","level":"WARN","message":"⚠️ No Moralis price for ROLL, attempting live fetch as last resort"}
{"timestamp":"2025-09-13T17:03:55.280Z","level":"WARN","message":"⚠️ No Moralis price data for UNI, falling back to external sources"}
{"timestamp":"2025-09-13T17:03:55.303Z","level":"WARN","message":"⚠️ No Moralis price data for WBTC, falling back to external sources"}
{"timestamp":"2025-09-13T17:03:55.311Z","level":"WARN","message":"⚠️ No Moralis price data for LINK, falling back to external sources"}
{"timestamp":"2025-09-13T17:03:55.338Z","level":"WARN","message":"⚠️ No Moralis price data for RAI, falling back to external sources"}
{"timestamp":"2025-09-13T17:03:55.343Z","level":"WARN","message":"⚠️ No Moralis price for RAI, attempting live fetch as last resort"}
{"timestamp":"2025-09-13T17:03:56.032Z","level":"WARN","message":"⚠️ No Moralis price data for USDT, falling back to external sources"}
{"timestamp":"2025-09-13T17:03:56.034Z","level":"WARN","message":"⚠️ No Moralis price data for DAI, falling back to external sources"}
{"timestamp":"2025-09-13T17:03:56.040Z","level":"WARN","message":"⚠️ No Moralis price data for ZENT, falling back to external sources"}
{"timestamp":"2025-09-13T17:03:56.041Z","level":"WARN","message":"⚠️ No Moralis price for ZENT, attempting live fetch as last resort"}
{"timestamp":"2025-09-13T17:03:56.697Z","level":"WARN","message":"⚠️ No Moralis price data for USDC, falling back to external sources"}
{"timestamp":"2025-09-13T17:10:44.354Z","level":"WARN","message":"⚠️ No Moralis price data for ETH, using fallback"}
{"timestamp":"2025-09-13T17:10:44.355Z","level":"WARN","message":"📈 Missing 24h price change data for ETH"}
{"timestamp":"2025-09-13T17:10:44.358Z","level":"WARN","message":"⚠️ No Moralis price data for ROLL, using fallback"}
{"timestamp":"2025-09-13T17:10:44.809Z","level":"WARN","message":"📈 Missing 24h price change data for ROLL"}
{"timestamp":"2025-09-13T17:10:44.811Z","level":"WARN","message":"⚠️ No Moralis price data for UNI, using fallback"}
{"timestamp":"2025-09-13T17:10:44.812Z","level":"WARN","message":"📈 Missing 24h price change data for UNI"}
{"timestamp":"2025-09-13T17:10:44.814Z","level":"WARN","message":"⚠️ No Moralis price data for WBTC, using fallback"}
{"timestamp":"2025-09-13T17:10:44.816Z","level":"WARN","message":"📈 Missing 24h price change data for WBTC"}
{"timestamp":"2025-09-13T17:10:44.824Z","level":"WARN","message":"⚠️ No Moralis price data for LINK, using fallback"}
{"timestamp":"2025-09-13T17:10:44.827Z","level":"WARN","message":"📈 Missing 24h price change data for LINK"}
{"timestamp":"2025-09-13T17:10:44.845Z","level":"WARN","message":"⚠️ No Moralis price data for RAI, using fallback"}
{"timestamp":"2025-09-13T17:10:45.294Z","level":"WARN","message":"📈 Missing 24h price change data for RAI"}
{"timestamp":"2025-09-13T17:10:45.296Z","level":"WARN","message":"⚠️ No Moralis price data for USDT, using fallback"}
{"timestamp":"2025-09-13T17:10:45.297Z","level":"WARN","message":"📈 Missing 24h price change data for USDT"}
{"timestamp":"2025-09-13T17:10:45.298Z","level":"WARN","message":"⚠️ No Moralis price data for DAI, using fallback"}
{"timestamp":"2025-09-13T17:10:45.300Z","level":"WARN","message":"📈 Missing 24h price change data for DAI"}
{"timestamp":"2025-09-13T17:10:45.306Z","level":"WARN","message":"⚠️ No Moralis price data for ZENT, using fallback"}
{"timestamp":"2025-09-13T17:10:45.492Z","level":"WARN","message":"⚠️ Failed to fetch live price for ZENT:","data":"Request failed with status code 429"}
{"timestamp":"2025-09-13T17:10:45.493Z","level":"WARN","message":"⚠️ No price found for ZENT, returning 0"}
{"timestamp":"2025-09-13T17:10:45.493Z","level":"WARN","message":"📈 Missing 24h price change data for ZENT"}
{"timestamp":"2025-09-13T17:10:45.496Z","level":"WARN","message":"⚠️ No Moralis price data for USDC, using fallback"}
{"timestamp":"2025-09-13T17:10:45.500Z","level":"WARN","message":"📈 Missing 24h price change data for USDC"}
{"timestamp":"2025-09-13T17:11:31.597Z","level":"WARN","message":"⚠️ Failed to fetch prices from CoinGecko:","data":"Request failed with status code 429"}
{"timestamp":"2025-09-13T17:11:37.403Z","level":"WARN","message":"⚠️ Failed to fetch prices from CoinGecko:","data":"Request failed with status code 429"}
{"timestamp":"2025-09-13T17:11:38.474Z","level":"WARN","message":"⚠️ Failed to fetch live price for ROLL:","data":"Request failed with status code 429"}
{"timestamp":"2025-09-13T17:11:38.474Z","level":"WARN","message":"⚠️ No price found for ROLL, returning 0"}
{"timestamp":"2025-09-13T17:11:38.684Z","level":"WARN","message":"⚠️ Failed to fetch live price for RAI:","data":"Request failed with status code 429"}
{"timestamp":"2025-09-13T17:11:38.685Z","level":"WARN","message":"⚠️ No price found for RAI, returning 0"}
{"timestamp":"2025-09-13T17:11:38.910Z","level":"WARN","message":"⚠️ Failed to fetch live price for ZENT:","data":"Request failed with status code 429"}
{"timestamp":"2025-09-13T17:11:38.910Z","level":"WARN","message":"⚠️ No price found for ZENT, returning 0"}
{"timestamp":"2025-09-13T17:12:26.598Z","level":"WARN","message":"⚠️ Failed to fetch live price for ZENT:","data":"Request failed with status code 429"}
{"timestamp":"2025-09-13T17:12:26.598Z","level":"WARN","message":"⚠️ No price found for ZENT, returning 0"}
{"timestamp":"2025-09-13T17:16:54.840Z","level":"WARN","message":"⚠️ Failed to fetch live price for ZENT:","data":"Request failed with status code 429"}
{"timestamp":"2025-09-13T17:16:54.840Z","level":"WARN","message":"⚠️ No price found for ZENT, returning 0"}
{"timestamp":"2025-09-13T17:18:34.984Z","level":"WARN","message":"⚠️ Failed to fetch prices from CoinGecko:","data":"Request failed with status code 429"}
{"timestamp":"2025-09-13T17:18:35.497Z","level":"WARN","message":"⚠️ Failed to fetch prices from CoinGecko:","data":"Request failed with status code 429"}
{"timestamp":"2025-09-13T17:18:36.394Z","level":"WARN","message":"⚠️ Failed to fetch live price for ROLL:","data":"Request failed with status code 429"}
{"timestamp":"2025-09-13T17:18:36.395Z","level":"WARN","message":"⚠️ No price found for ROLL, returning 0"}
{"timestamp":"2025-09-13T17:18:36.605Z","level":"WARN","message":"⚠️ Failed to fetch live price for RAI:","data":"Request failed with status code 429"}
{"timestamp":"2025-09-13T17:18:36.606Z","level":"WARN","message":"⚠️ No price found for RAI, returning 0"}
{"timestamp":"2025-09-13T17:18:36.814Z","level":"WARN","message":"⚠️ Failed to fetch live price for ZENT:","data":"Request failed with status code 429"}
{"timestamp":"2025-09-13T17:18:36.815Z","level":"WARN","message":"⚠️ No price found for ZENT, returning 0"}
{"timestamp":"2025-09-13T17:19:18.117Z","level":"WARN","message":"⚠️ Failed to fetch prices from CoinGecko:","data":"Request failed with status code 429"}
{"timestamp":"2025-09-13T17:19:25.496Z","level":"WARN","message":"⚠️ Continuing with partial service initialization"}
{"timestamp":"2025-09-13T17:21:39.584Z","level":"WARN","message":"📈 Missing 24h USD change data for ETH"}
{"timestamp":"2025-09-13T17:21:39.586Z","level":"WARN","message":"📈 Missing 24h USD change data for ROLL"}
{"timestamp":"2025-09-13T17:21:39.592Z","level":"WARN","message":"📈 Missing 24h USD change data for UNI"}
{"timestamp":"2025-09-13T17:21:39.604Z","level":"WARN","message":"📈 Missing 24h USD change data for WBTC"}
{"timestamp":"2025-09-13T17:21:39.611Z","level":"WARN","message":"📈 Missing 24h USD change data for LINK"}
{"timestamp":"2025-09-13T17:21:39.617Z","level":"WARN","message":"📈 Missing 24h USD change data for RAI"}
{"timestamp":"2025-09-13T17:21:39.644Z","level":"WARN","message":"📈 Missing 24h USD change data for USDT"}
{"timestamp":"2025-09-13T17:21:39.647Z","level":"WARN","message":"📈 Missing 24h USD change data for DAI"}
{"timestamp":"2025-09-13T17:21:39.655Z","level":"WARN","message":"📈 Missing 24h USD change data for ZENT"}
{"timestamp":"2025-09-13T17:21:39.662Z","level":"WARN","message":"📈 Missing 24h USD change data for USDC"}
{"timestamp":"2025-09-13T17:22:44.183Z","level":"WARN","message":"⚠️ Failed to fetch live price for ZENT:","data":"Request failed with status code 429"}
{"timestamp":"2025-09-13T17:22:44.184Z","level":"WARN","message":"⚠️ No price found for ZENT, returning 0"}
{"timestamp":"2025-09-13T17:51:16.920Z","level":"WARN","message":"⚠️ No USD change data for ETH"}
{"timestamp":"2025-09-13T17:51:16.945Z","level":"WARN","message":"⚠️ No USD change data for ROLL"}
{"timestamp":"2025-09-13T17:51:17.172Z","level":"WARN","message":"⚠️ No USD change data for UNI"}
{"timestamp":"2025-09-13T17:51:17.175Z","level":"WARN","message":"⚠️ No USD change data for WBTC"}
{"timestamp":"2025-09-13T17:51:17.177Z","level":"WARN","message":"⚠️ No USD change data for LINK"}
{"timestamp":"2025-09-13T17:51:17.179Z","level":"WARN","message":"⚠️ No USD change data for RAI"}
{"timestamp":"2025-09-13T17:51:17.182Z","level":"WARN","message":"⚠️ No USD change data for USDT"}
{"timestamp":"2025-09-13T17:51:17.183Z","level":"WARN","message":"⚠️ No USD change data for DAI"}
{"timestamp":"2025-09-13T17:51:17.185Z","level":"WARN","message":"⚠️ No USD change data for ZENT"}
{"timestamp":"2025-09-13T17:51:17.186Z","level":"WARN","message":"⚠️ No USD change data for USDC"}
{"timestamp":"2025-09-13T17:51:18.206Z","level":"WARN","message":"⚠️ No USD change data for ETH"}
{"timestamp":"2025-09-13T17:51:18.214Z","level":"WARN","message":"⚠️ No USD change data for ROLL"}
{"timestamp":"2025-09-13T17:51:18.218Z","level":"WARN","message":"⚠️ No USD change data for UNI"}
{"timestamp":"2025-09-13T17:51:18.220Z","level":"WARN","message":"⚠️ No USD change data for WBTC"}
{"timestamp":"2025-09-13T17:51:18.224Z","level":"WARN","message":"⚠️ No USD change data for LINK"}
{"timestamp":"2025-09-13T17:51:18.228Z","level":"WARN","message":"⚠️ No USD change data for RAI"}
{"timestamp":"2025-09-13T17:51:18.233Z","level":"WARN","message":"⚠️ No USD change data for USDT"}
{"timestamp":"2025-09-13T17:51:18.235Z","level":"WARN","message":"⚠️ No USD change data for DAI"}
{"timestamp":"2025-09-13T17:51:18.240Z","level":"WARN","message":"⚠️ No USD change data for ZENT"}
{"timestamp":"2025-09-13T17:51:18.242Z","level":"WARN","message":"⚠️ No USD change data for USDC"}
{"timestamp":"2025-09-13T17:51:20.207Z","level":"WARN","message":"⚠️ No USD change data for ETH"}
{"timestamp":"2025-09-13T17:51:20.214Z","level":"WARN","message":"⚠️ No USD change data for ROLL"}
{"timestamp":"2025-09-13T17:51:20.222Z","level":"WARN","message":"⚠️ No USD change data for UNI"}
{"timestamp":"2025-09-13T17:51:20.234Z","level":"WARN","message":"⚠️ No USD change data for WBTC"}
{"timestamp":"2025-09-13T17:51:20.249Z","level":"WARN","message":"⚠️ No USD change data for LINK"}
{"timestamp":"2025-09-13T17:51:20.259Z","level":"WARN","message":"⚠️ No USD change data for RAI"}
{"timestamp":"2025-09-13T17:51:20.269Z","level":"WARN","message":"⚠️ No USD change data for USDT"}
{"timestamp":"2025-09-13T17:51:20.277Z","level":"WARN","message":"⚠️ No USD change data for DAI"}
{"timestamp":"2025-09-13T17:51:20.285Z","level":"WARN","message":"⚠️ No USD change data for ZENT"}
{"timestamp":"2025-09-13T17:51:20.295Z","level":"WARN","message":"⚠️ No USD change data for USDC"}
{"timestamp":"2025-09-13T17:51:21.368Z","level":"WARN","message":"⚠️ No USD change data for ETH"}
{"timestamp":"2025-09-13T17:51:21.372Z","level":"WARN","message":"⚠️ No USD change data for ROLL"}
{"timestamp":"2025-09-13T17:51:21.373Z","level":"WARN","message":"⚠️ No USD change data for UNI"}
{"timestamp":"2025-09-13T17:51:21.377Z","level":"WARN","message":"⚠️ No USD change data for WBTC"}
{"timestamp":"2025-09-13T17:51:21.381Z","level":"WARN","message":"⚠️ No USD change data for LINK"}
{"timestamp":"2025-09-13T17:51:21.384Z","level":"WARN","message":"⚠️ No USD change data for RAI"}
{"timestamp":"2025-09-13T17:51:21.386Z","level":"WARN","message":"⚠️ No USD change data for USDT"}
{"timestamp":"2025-09-13T17:51:21.389Z","level":"WARN","message":"⚠️ No USD change data for DAI"}
{"timestamp":"2025-09-13T17:51:21.394Z","level":"WARN","message":"⚠️ No USD change data for ZENT"}
{"timestamp":"2025-09-13T17:51:21.398Z","level":"WARN","message":"⚠️ No USD change data for USDC"}
{"timestamp":"2025-09-13T17:51:40.182Z","level":"WARN","message":"⚠️ Failed to fetch prices from CoinGecko:","data":"Request failed with status code 429"}
{"timestamp":"2025-09-13T17:51:42.536Z","level":"WARN","message":"⚠️ Failed to fetch live price for ROLL:","data":"Request failed with status code 429"}
{"timestamp":"2025-09-13T17:51:42.538Z","level":"WARN","message":"⚠️ No price found for ROLL, returning 0"}
{"timestamp":"2025-09-13T17:51:43.159Z","level":"WARN","message":"⚠️ Failed to fetch live price for RAI:","data":"Request failed with status code 429"}
{"timestamp":"2025-09-13T17:51:43.159Z","level":"WARN","message":"⚠️ No price found for RAI, returning 0"}
{"timestamp":"2025-09-13T17:51:44.158Z","level":"WARN","message":"⚠️ Failed to fetch live price for ZENT:","data":"Request failed with status code 429"}
{"timestamp":"2025-09-13T17:51:44.159Z","level":"WARN","message":"⚠️ No price found for ZENT, returning 0"}
{"timestamp":"2025-09-13T17:51:44.352Z","level":"WARN","message":"⚠️ Failed to fetch prices from CoinGecko:","data":"Request failed with status code 429"}
{"timestamp":"2025-09-13T17:51:45.515Z","level":"WARN","message":"⚠️ Failed to fetch live price for ROLL:","data":"Request failed with status code 429"}
{"timestamp":"2025-09-13T17:51:45.516Z","level":"WARN","message":"⚠️ No price found for ROLL, returning 0"}
{"timestamp":"2025-09-13T17:51:45.833Z","level":"WARN","message":"⚠️ Failed to fetch live price for RAI:","data":"Request failed with status code 429"}
{"timestamp":"2025-09-13T17:51:45.834Z","level":"WARN","message":"⚠️ No price found for RAI, returning 0"}
{"timestamp":"2025-09-13T17:51:46.073Z","level":"WARN","message":"⚠️ Failed to fetch live price for ZENT:","data":"Request failed with status code 429"}
{"timestamp":"2025-09-13T17:51:46.074Z","level":"WARN","message":"⚠️ No price found for ZENT, returning 0"}
{"timestamp":"2025-09-13T17:51:46.223Z","level":"WARN","message":"⚠️ Failed to fetch prices from CoinGecko:","data":"Request failed with status code 429"}
{"timestamp":"2025-09-13T17:51:47.024Z","level":"WARN","message":"⚠️ Failed to fetch live price for ROLL:","data":"Request failed with status code 429"}
{"timestamp":"2025-09-13T17:51:47.025Z","level":"WARN","message":"⚠️ No price found for ROLL, returning 0"}
{"timestamp":"2025-09-13T17:51:47.318Z","level":"WARN","message":"⚠️ Failed to fetch live price for RAI:","data":"Request failed with status code 429"}
{"timestamp":"2025-09-13T17:51:47.318Z","level":"WARN","message":"⚠️ No price found for RAI, returning 0"}
{"timestamp":"2025-09-13T17:51:47.630Z","level":"WARN","message":"⚠️ Failed to fetch live price for ZENT:","data":"Request failed with status code 429"}
{"timestamp":"2025-09-13T17:51:47.631Z","level":"WARN","message":"⚠️ No price found for ZENT, returning 0"}
{"timestamp":"2025-09-13T17:51:47.809Z","level":"WARN","message":"⚠️ Failed to fetch prices from CoinGecko:","data":"Request failed with status code 429"}
{"timestamp":"2025-09-13T17:51:48.843Z","level":"WARN","message":"⚠️ Failed to fetch live price for ROLL:","data":"Request failed with status code 429"}
{"timestamp":"2025-09-13T17:51:48.844Z","level":"WARN","message":"⚠️ No price found for ROLL, returning 0"}
{"timestamp":"2025-09-13T17:51:49.142Z","level":"WARN","message":"⚠️ Failed to fetch live price for RAI:","data":"Request failed with status code 429"}
{"timestamp":"2025-09-13T17:51:49.142Z","level":"WARN","message":"⚠️ No price found for RAI, returning 0"}
{"timestamp":"2025-09-13T17:51:49.366Z","level":"WARN","message":"⚠️ Failed to fetch live price for ZENT:","data":"Request failed with status code 429"}
{"timestamp":"2025-09-13T17:51:49.377Z","level":"WARN","message":"⚠️ No price found for ZENT, returning 0"}
{"timestamp":"2025-09-13T17:51:49.522Z","level":"WARN","message":"⚠️ Failed to fetch prices from CoinGecko:","data":"Request failed with status code 429"}
{"timestamp":"2025-09-13T17:51:50.317Z","level":"WARN","message":"⚠️ Failed to fetch live price for ROLL:","data":"Request failed with status code 429"}
{"timestamp":"2025-09-13T17:51:50.318Z","level":"WARN","message":"⚠️ No price found for ROLL, returning 0"}
{"timestamp":"2025-09-13T17:51:50.579Z","level":"WARN","message":"⚠️ Failed to fetch live price for RAI:","data":"Request failed with status code 429"}
{"timestamp":"2025-09-13T17:51:50.580Z","level":"WARN","message":"⚠️ No price found for RAI, returning 0"}
{"timestamp":"2025-09-13T17:51:50.818Z","level":"WARN","message":"⚠️ Failed to fetch live price for ZENT:","data":"Request failed with status code 429"}
{"timestamp":"2025-09-13T17:51:50.819Z","level":"WARN","message":"⚠️ No price found for ZENT, returning 0"}
{"timestamp":"2025-09-13T17:51:50.937Z","level":"WARN","message":"⚠️ Failed to fetch prices from CoinGecko:","data":"Request failed with status code 429"}
{"timestamp":"2025-09-13T17:51:51.749Z","level":"WARN","message":"⚠️ Failed to fetch live price for ROLL:","data":"Request failed with status code 429"}
{"timestamp":"2025-09-13T17:51:51.749Z","level":"WARN","message":"⚠️ No price found for ROLL, returning 0"}
{"timestamp":"2025-09-13T17:51:51.979Z","level":"WARN","message":"⚠️ Failed to fetch live price for RAI:","data":"Request failed with status code 429"}
{"timestamp":"2025-09-13T17:51:51.980Z","level":"WARN","message":"⚠️ No price found for RAI, returning 0"}
{"timestamp":"2025-09-13T17:51:52.195Z","level":"WARN","message":"⚠️ Failed to fetch live price for ZENT:","data":"Request failed with status code 429"}
{"timestamp":"2025-09-13T17:51:52.196Z","level":"WARN","message":"⚠️ No price found for ZENT, returning 0"}
{"timestamp":"2025-09-13T17:52:00.492Z","level":"WARN","message":"⚠️ Failed to fetch prices from CoinGecko:","data":"Request failed with status code 429"}
{"timestamp":"2025-09-13T17:52:01.698Z","level":"WARN","message":"⚠️ Failed to fetch live price for ROLL:","data":"Request failed with status code 429"}
{"timestamp":"2025-09-13T17:52:01.699Z","level":"WARN","message":"⚠️ No price found for ROLL, returning 0"}
{"timestamp":"2025-09-13T17:52:01.916Z","level":"WARN","message":"⚠️ Failed to fetch live price for RAI:","data":"Request failed with status code 429"}
{"timestamp":"2025-09-13T17:52:01.916Z","level":"WARN","message":"⚠️ No price found for RAI, returning 0"}
{"timestamp":"2025-09-13T17:52:02.121Z","level":"WARN","message":"⚠️ Failed to fetch live price for ZENT:","data":"Request failed with status code 429"}
{"timestamp":"2025-09-13T17:52:02.122Z","level":"WARN","message":"⚠️ No price found for ZENT, returning 0"}
{"timestamp":"2025-09-13T17:52:02.260Z","level":"WARN","message":"⚠️ Failed to fetch prices from CoinGecko:","data":"Request failed with status code 429"}
{"timestamp":"2025-09-13T17:52:03.350Z","level":"WARN","message":"⚠️ Failed to fetch live price for ROLL:","data":"Request failed with status code 429"}
{"timestamp":"2025-09-13T17:52:03.351Z","level":"WARN","message":"⚠️ No price found for ROLL, returning 0"}
{"timestamp":"2025-09-13T17:52:03.655Z","level":"WARN","message":"⚠️ Failed to fetch live price for RAI:","data":"Request failed with status code 429"}
{"timestamp":"2025-09-13T17:52:03.655Z","level":"WARN","message":"⚠️ No price found for RAI, returning 0"}
{"timestamp":"2025-09-13T17:52:03.856Z","level":"WARN","message":"⚠️ Failed to fetch live price for ZENT:","data":"Request failed with status code 429"}
{"timestamp":"2025-09-13T17:52:03.857Z","level":"WARN","message":"⚠️ No price found for ZENT, returning 0"}
{"timestamp":"2025-09-13T17:52:03.980Z","level":"WARN","message":"⚠️ Failed to fetch prices from CoinGecko:","data":"Request failed with status code 429"}
{"timestamp":"2025-09-13T17:52:05.065Z","level":"WARN","message":"⚠️ Failed to fetch live price for ROLL:","data":"Request failed with status code 429"}
{"timestamp":"2025-09-13T17:52:05.065Z","level":"WARN","message":"⚠️ No price found for ROLL, returning 0"}
{"timestamp":"2025-09-13T17:52:05.291Z","level":"WARN","message":"⚠️ Failed to fetch live price for RAI:","data":"Request failed with status code 429"}
{"timestamp":"2025-09-13T17:52:05.292Z","level":"WARN","message":"⚠️ No price found for RAI, returning 0"}
{"timestamp":"2025-09-13T17:52:05.491Z","level":"WARN","message":"⚠️ Failed to fetch live price for ZENT:","data":"Request failed with status code 429"}
{"timestamp":"2025-09-13T17:52:05.491Z","level":"WARN","message":"⚠️ No price found for ZENT, returning 0"}
{"timestamp":"2025-09-13T17:52:05.615Z","level":"WARN","message":"⚠️ Failed to fetch prices from CoinGecko:","data":"Request failed with status code 429"}
{"timestamp":"2025-09-13T17:52:06.400Z","level":"WARN","message":"⚠️ Failed to fetch live price for ROLL:","data":"Request failed with status code 429"}
{"timestamp":"2025-09-13T17:52:06.401Z","level":"WARN","message":"⚠️ No price found for ROLL, returning 0"}
{"timestamp":"2025-09-13T17:52:06.621Z","level":"WARN","message":"⚠️ Failed to fetch live price for RAI:","data":"Request failed with status code 429"}
{"timestamp":"2025-09-13T17:52:06.622Z","level":"WARN","message":"⚠️ No price found for RAI, returning 0"}
{"timestamp":"2025-09-13T17:52:06.827Z","level":"WARN","message":"⚠️ Failed to fetch live price for ZENT:","data":"Request failed with status code 429"}
{"timestamp":"2025-09-13T17:52:06.827Z","level":"WARN","message":"⚠️ No price found for ZENT, returning 0"}
{"timestamp":"2025-09-13T17:52:15.945Z","level":"WARN","message":"⚠️ Failed to fetch prices from CoinGecko:","data":"Request failed with status code 429"}
{"timestamp":"2025-09-13T17:52:17.116Z","level":"WARN","message":"⚠️ Failed to fetch live price for ROLL:","data":"Request failed with status code 429"}
{"timestamp":"2025-09-13T17:52:17.116Z","level":"WARN","message":"⚠️ No price found for ROLL, returning 0"}
{"timestamp":"2025-09-13T17:52:17.332Z","level":"WARN","message":"⚠️ Failed to fetch live price for RAI:","data":"Request failed with status code 429"}
{"timestamp":"2025-09-13T17:52:17.332Z","level":"WARN","message":"⚠️ No price found for RAI, returning 0"}
{"timestamp":"2025-09-13T17:52:17.543Z","level":"WARN","message":"⚠️ Failed to fetch live price for ZENT:","data":"Request failed with status code 429"}
{"timestamp":"2025-09-13T17:52:17.544Z","level":"WARN","message":"⚠️ No price found for ZENT, returning 0"}
{"timestamp":"2025-09-13T17:52:17.671Z","level":"WARN","message":"⚠️ Failed to fetch prices from CoinGecko:","data":"Request failed with status code 429"}
{"timestamp":"2025-09-13T17:52:19.031Z","level":"WARN","message":"⚠️ Failed to fetch live price for ROLL:","data":"Request failed with status code 429"}
{"timestamp":"2025-09-13T17:52:19.032Z","level":"WARN","message":"⚠️ No price found for ROLL, returning 0"}
{"timestamp":"2025-09-13T17:52:19.249Z","level":"WARN","message":"⚠️ Failed to fetch live price for RAI:","data":"Request failed with status code 429"}
{"timestamp":"2025-09-13T17:52:19.250Z","level":"WARN","message":"⚠️ No price found for RAI, returning 0"}
{"timestamp":"2025-09-13T17:52:19.455Z","level":"WARN","message":"⚠️ Failed to fetch live price for ZENT:","data":"Request failed with status code 429"}
{"timestamp":"2025-09-13T17:52:19.456Z","level":"WARN","message":"⚠️ No price found for ZENT, returning 0"}
{"timestamp":"2025-09-13T17:52:19.583Z","level":"WARN","message":"⚠️ Failed to fetch prices from CoinGecko:","data":"Request failed with status code 429"}
{"timestamp":"2025-09-13T17:52:20.776Z","level":"WARN","message":"⚠️ Failed to fetch live price for ROLL:","data":"Request failed with status code 429"}
{"timestamp":"2025-09-13T17:52:20.777Z","level":"WARN","message":"⚠️ No price found for ROLL, returning 0"}
{"timestamp":"2025-09-13T17:52:20.994Z","level":"WARN","message":"⚠️ Failed to fetch live price for RAI:","data":"Request failed with status code 429"}
{"timestamp":"2025-09-13T17:52:20.995Z","level":"WARN","message":"⚠️ No price found for RAI, returning 0"}
{"timestamp":"2025-09-13T17:52:21.217Z","level":"WARN","message":"⚠️ Failed to fetch live price for ZENT:","data":"Request failed with status code 429"}
{"timestamp":"2025-09-13T17:52:21.217Z","level":"WARN","message":"⚠️ No price found for ZENT, returning 0"}
{"timestamp":"2025-09-13T17:52:21.351Z","level":"WARN","message":"⚠️ Failed to fetch prices from CoinGecko:","data":"Request failed with status code 429"}
{"timestamp":"2025-09-13T17:52:22.469Z","level":"WARN","message":"⚠️ Failed to fetch live price for ROLL:","data":"Request failed with status code 429"}
{"timestamp":"2025-09-13T17:52:22.470Z","level":"WARN","message":"⚠️ No price found for ROLL, returning 0"}
{"timestamp":"2025-09-13T17:52:22.674Z","level":"WARN","message":"⚠️ Failed to fetch live price for RAI:","data":"Request failed with status code 429"}
{"timestamp":"2025-09-13T17:52:22.675Z","level":"WARN","message":"⚠️ No price found for RAI, returning 0"}
{"timestamp":"2025-09-13T17:52:22.886Z","level":"WARN","message":"⚠️ Failed to fetch live price for ZENT:","data":"Request failed with status code 429"}
{"timestamp":"2025-09-13T17:52:22.886Z","level":"WARN","message":"⚠️ No price found for ZENT, returning 0"}
{"timestamp":"2025-09-13T17:53:01.477Z","level":"WARN","message":"⚠️ Failed to fetch prices from CoinGecko:","data":"Request failed with status code 429"}
{"timestamp":"2025-09-13T17:53:02.156Z","level":"WARN","message":"⚠️ Failed to fetch prices from CoinGecko:","data":"Request failed with status code 429"}
{"timestamp":"2025-09-13T17:53:02.799Z","level":"WARN","message":"⚠️ Failed to fetch prices from CoinGecko:","data":"Request failed with status code 429"}
{"timestamp":"2025-09-13T17:55:20.459Z","level":"WARN","message":"⚠️ Failed to fetch prices from CoinGecko:","data":"Request failed with status code 429"}
{"timestamp":"2025-09-13T17:55:21.623Z","level":"WARN","message":"⚠️ Failed to fetch live price for ROLL:","data":"Request failed with status code 429"}
{"timestamp":"2025-09-13T17:55:21.624Z","level":"WARN","message":"⚠️ No price found for ROLL, returning 0"}
{"timestamp":"2025-09-13T17:55:21.839Z","level":"WARN","message":"⚠️ Failed to fetch live price for RAI:","data":"Request failed with status code 429"}
{"timestamp":"2025-09-13T17:55:21.839Z","level":"WARN","message":"⚠️ No price found for RAI, returning 0"}
{"timestamp":"2025-09-13T17:55:22.070Z","level":"WARN","message":"⚠️ Failed to fetch live price for ZENT:","data":"Request failed with status code 429"}
{"timestamp":"2025-09-13T17:55:22.070Z","level":"WARN","message":"⚠️ No price found for ZENT, returning 0"}
{"timestamp":"2025-09-13T17:55:22.188Z","level":"WARN","message":"⚠️ Failed to fetch prices from CoinGecko:","data":"Request failed with status code 429"}
{"timestamp":"2025-09-13T17:55:22.189Z","level":"WARN","message":"⚠️ Failed to fetch prices from CoinGecko:","data":"Request failed with status code 429"}
{"timestamp":"2025-09-13T17:55:23.575Z","level":"WARN","message":"⚠️ Failed to fetch live price for ROLL:","data":"Request failed with status code 429"}
{"timestamp":"2025-09-13T17:55:23.575Z","level":"WARN","message":"⚠️ No price found for ROLL, returning 0"}
{"timestamp":"2025-09-13T17:55:23.790Z","level":"WARN","message":"⚠️ Failed to fetch live price for RAI:","data":"Request failed with status code 429"}
{"timestamp":"2025-09-13T17:55:23.791Z","level":"WARN","message":"⚠️ No price found for RAI, returning 0"}
{"timestamp":"2025-09-13T17:55:23.999Z","level":"WARN","message":"⚠️ Failed to fetch live price for ZENT:","data":"Request failed with status code 429"}
{"timestamp":"2025-09-13T17:55:24.000Z","level":"WARN","message":"⚠️ No price found for ZENT, returning 0"}
{"timestamp":"2025-09-13T17:55:24.130Z","level":"WARN","message":"⚠️ Failed to fetch prices from CoinGecko:","data":"Request failed with status code 429"}
{"timestamp":"2025-09-13T17:55:25.456Z","level":"WARN","message":"⚠️ Failed to fetch live price for ROLL:","data":"Request failed with status code 429"}
{"timestamp":"2025-09-13T17:55:25.457Z","level":"WARN","message":"⚠️ No price found for ROLL, returning 0"}
{"timestamp":"2025-09-13T17:55:25.655Z","level":"WARN","message":"⚠️ Failed to fetch live price for RAI:","data":"Request failed with status code 429"}
{"timestamp":"2025-09-13T17:55:25.656Z","level":"WARN","message":"⚠️ No price found for RAI, returning 0"}
{"timestamp":"2025-09-13T17:55:25.848Z","level":"WARN","message":"⚠️ Failed to fetch live price for ZENT:","data":"Request failed with status code 429"}
{"timestamp":"2025-09-13T17:55:25.848Z","level":"WARN","message":"⚠️ No price found for ZENT, returning 0"}
{"timestamp":"2025-09-13T17:55:25.967Z","level":"WARN","message":"⚠️ Failed to fetch prices from CoinGecko:","data":"Request failed with status code 429"}
{"timestamp":"2025-09-13T17:55:27.062Z","level":"WARN","message":"⚠️ Failed to fetch live price for ROLL:","data":"Request failed with status code 429"}
{"timestamp":"2025-09-13T17:55:27.063Z","level":"WARN","message":"⚠️ No price found for ROLL, returning 0"}
{"timestamp":"2025-09-13T17:55:27.271Z","level":"WARN","message":"⚠️ Failed to fetch live price for RAI:","data":"Request failed with status code 429"}
{"timestamp":"2025-09-13T17:55:27.272Z","level":"WARN","message":"⚠️ No price found for RAI, returning 0"}
{"timestamp":"2025-09-13T17:55:27.473Z","level":"WARN","message":"⚠️ Failed to fetch live price for ZENT:","data":"Request failed with status code 429"}
{"timestamp":"2025-09-13T17:55:27.474Z","level":"WARN","message":"⚠️ No price found for ZENT, returning 0"}
{"timestamp":"2025-09-13T17:56:06.552Z","level":"WARN","message":"⚠️ Failed to fetch prices from CoinGecko:","data":"Request failed with status code 429"}
{"timestamp":"2025-09-13T17:56:07.477Z","level":"WARN","message":"⚠️ Failed to fetch prices from CoinGecko:","data":"Request failed with status code 429"}
{"timestamp":"2025-09-13T18:03:45.198Z","level":"WARN","message":"📈 Missing 24h change for ETH"}
{"timestamp":"2025-09-13T18:03:46.483Z","level":"WARN","message":"📈 Missing 24h change for ROLL"}
{"timestamp":"2025-09-13T18:03:46.486Z","level":"WARN","message":"📈 Missing 24h change for UNI"}
{"timestamp":"2025-09-13T18:03:46.492Z","level":"WARN","message":"📈 Missing 24h change for WBTC"}
{"timestamp":"2025-09-13T18:03:46.505Z","level":"WARN","message":"📈 Missing 24h change for LINK"}
{"timestamp":"2025-09-13T18:03:47.346Z","level":"WARN","message":"📈 Missing 24h change for RAI"}
{"timestamp":"2025-09-13T18:03:47.348Z","level":"WARN","message":"📈 Missing 24h change for USDT"}
{"timestamp":"2025-09-13T18:03:47.353Z","level":"WARN","message":"📈 Missing 24h change for DAI"}
{"timestamp":"2025-09-13T18:03:47.696Z","level":"WARN","message":"⚠️ Failed to fetch live price for ZENT:","data":"Request failed with status code 429"}
{"timestamp":"2025-09-13T18:03:47.697Z","level":"WARN","message":"⚠️ No price found for ZENT, returning 0"}
{"timestamp":"2025-09-13T18:03:47.697Z","level":"WARN","message":"📈 Missing 24h change for ZENT"}
{"timestamp":"2025-09-13T18:03:47.700Z","level":"WARN","message":"📈 Missing 24h change for USDC"}
{"timestamp":"2025-09-13T18:03:48.755Z","level":"WARN","message":"📈 Missing 24h change for ETH"}
{"timestamp":"2025-09-13T18:03:48.756Z","level":"WARN","message":"📈 Missing 24h change for ROLL"}
{"timestamp":"2025-09-13T18:03:48.757Z","level":"WARN","message":"📈 Missing 24h change for UNI"}
{"timestamp":"2025-09-13T18:03:48.759Z","level":"WARN","message":"📈 Missing 24h change for WBTC"}
{"timestamp":"2025-09-13T18:03:48.763Z","level":"WARN","message":"📈 Missing 24h change for LINK"}
{"timestamp":"2025-09-13T18:03:48.764Z","level":"WARN","message":"📈 Missing 24h change for RAI"}
{"timestamp":"2025-09-13T18:03:48.766Z","level":"WARN","message":"📈 Missing 24h change for USDT"}
{"timestamp":"2025-09-13T18:03:48.769Z","level":"WARN","message":"📈 Missing 24h change for DAI"}
{"timestamp":"2025-09-13T18:03:49.095Z","level":"WARN","message":"⚠️ Failed to fetch live price for ZENT:","data":"Request failed with status code 429"}
{"timestamp":"2025-09-13T18:03:49.096Z","level":"WARN","message":"⚠️ No price found for ZENT, returning 0"}
{"timestamp":"2025-09-13T18:03:49.096Z","level":"WARN","message":"📈 Missing 24h change for ZENT"}
{"timestamp":"2025-09-13T18:03:49.098Z","level":"WARN","message":"📈 Missing 24h change for USDC"}
{"timestamp":"2025-09-13T18:03:49.213Z","level":"WARN","message":"⚠️ Failed to fetch prices from CoinGecko:","data":"Request failed with status code 429"}
{"timestamp":"2025-09-13T18:03:50.126Z","level":"WARN","message":"📈 Missing 24h change for ETH"}
{"timestamp":"2025-09-13T18:03:50.133Z","level":"WARN","message":"📈 Missing 24h change for ROLL"}
{"timestamp":"2025-09-13T18:03:50.138Z","level":"WARN","message":"📈 Missing 24h change for UNI"}
{"timestamp":"2025-09-13T18:03:50.141Z","level":"WARN","message":"📈 Missing 24h change for WBTC"}
{"timestamp":"2025-09-13T18:03:50.146Z","level":"WARN","message":"📈 Missing 24h change for LINK"}
{"timestamp":"2025-09-13T18:03:50.148Z","level":"WARN","message":"📈 Missing 24h change for RAI"}
{"timestamp":"2025-09-13T18:03:50.153Z","level":"WARN","message":"📈 Missing 24h change for USDT"}
{"timestamp":"2025-09-13T18:03:50.154Z","level":"WARN","message":"📈 Missing 24h change for DAI"}
{"timestamp":"2025-09-13T18:03:50.492Z","level":"WARN","message":"⚠️ Failed to fetch live price for ZENT:","data":"Request failed with status code 429"}
{"timestamp":"2025-09-13T18:03:50.493Z","level":"WARN","message":"⚠️ No price found for ZENT, returning 0"}
{"timestamp":"2025-09-13T18:03:50.494Z","level":"WARN","message":"📈 Missing 24h change for ZENT"}
{"timestamp":"2025-09-13T18:03:50.495Z","level":"WARN","message":"📈 Missing 24h change for USDC"}
{"timestamp":"2025-09-13T18:03:50.607Z","level":"WARN","message":"⚠️ Failed to fetch prices from CoinGecko:","data":"Request failed with status code 429"}
{"timestamp":"2025-09-13T18:03:51.519Z","level":"WARN","message":"📈 Missing 24h change for ETH"}
{"timestamp":"2025-09-13T18:03:51.522Z","level":"WARN","message":"📈 Missing 24h change for ROLL"}
{"timestamp":"2025-09-13T18:03:51.529Z","level":"WARN","message":"📈 Missing 24h change for UNI"}
{"timestamp":"2025-09-13T18:03:51.533Z","level":"WARN","message":"📈 Missing 24h change for WBTC"}
{"timestamp":"2025-09-13T18:03:51.535Z","level":"WARN","message":"📈 Missing 24h change for LINK"}
{"timestamp":"2025-09-13T18:03:51.537Z","level":"WARN","message":"📈 Missing 24h change for RAI"}
{"timestamp":"2025-09-13T18:03:51.541Z","level":"WARN","message":"📈 Missing 24h change for USDT"}
{"timestamp":"2025-09-13T18:03:51.542Z","level":"WARN","message":"📈 Missing 24h change for DAI"}
{"timestamp":"2025-09-13T18:03:51.870Z","level":"WARN","message":"⚠️ Failed to fetch live price for ZENT:","data":"Request failed with status code 429"}
{"timestamp":"2025-09-13T18:03:51.871Z","level":"WARN","message":"⚠️ No price found for ZENT, returning 0"}
{"timestamp":"2025-09-13T18:03:51.872Z","level":"WARN","message":"📈 Missing 24h change for ZENT"}
{"timestamp":"2025-09-13T18:03:51.873Z","level":"WARN","message":"📈 Missing 24h change for USDC"}
{"timestamp":"2025-09-13T18:04:11.282Z","level":"WARN","message":"⚠️ Failed to fetch prices from CoinGecko:","data":"Request failed with status code 429"}
{"timestamp":"2025-09-13T18:04:16.196Z","level":"WARN","message":"⚠️ Failed to fetch prices from CoinGecko:","data":"Request failed with status code 429"}
{"timestamp":"2025-09-13T18:04:17.617Z","level":"WARN","message":"📈 Missing 24h change for ETH"}
{"timestamp":"2025-09-13T18:04:17.820Z","level":"WARN","message":"⚠️ Failed to fetch live price for ROLL:","data":"Request failed with status code 429"}
{"timestamp":"2025-09-13T18:04:17.821Z","level":"WARN","message":"⚠️ No price found for ROLL, returning 0"}
{"timestamp":"2025-09-13T18:04:17.821Z","level":"WARN","message":"📈 Missing 24h change for ROLL"}
{"timestamp":"2025-09-13T18:04:17.825Z","level":"WARN","message":"📈 Missing 24h change for UNI"}
{"timestamp":"2025-09-13T18:04:17.828Z","level":"WARN","message":"📈 Missing 24h change for WBTC"}
{"timestamp":"2025-09-13T18:04:17.840Z","level":"WARN","message":"📈 Missing 24h change for LINK"}
{"timestamp":"2025-09-13T18:04:18.043Z","level":"WARN","message":"⚠️ Failed to fetch live price for RAI:","data":"Request failed with status code 429"}
{"timestamp":"2025-09-13T18:04:18.044Z","level":"WARN","message":"⚠️ No price found for RAI, returning 0"}
{"timestamp":"2025-09-13T18:04:18.044Z","level":"WARN","message":"📈 Missing 24h change for RAI"}
{"timestamp":"2025-09-13T18:04:18.048Z","level":"WARN","message":"📈 Missing 24h change for USDT"}
{"timestamp":"2025-09-13T18:04:18.051Z","level":"WARN","message":"📈 Missing 24h change for DAI"}
{"timestamp":"2025-09-13T18:04:18.620Z","level":"WARN","message":"⚠️ Failed to fetch live price for ZENT:","data":"Request failed with status code 429"}
{"timestamp":"2025-09-13T18:04:18.621Z","level":"WARN","message":"⚠️ No price found for ZENT, returning 0"}
{"timestamp":"2025-09-13T18:04:18.622Z","level":"WARN","message":"📈 Missing 24h change for ZENT"}
{"timestamp":"2025-09-13T18:04:18.624Z","level":"WARN","message":"📈 Missing 24h change for USDC"}
{"timestamp":"2025-09-13T18:04:18.777Z","level":"WARN","message":"⚠️ Failed to fetch prices from CoinGecko:","data":"Request failed with status code 429"}
{"timestamp":"2025-09-13T18:04:19.736Z","level":"WARN","message":"📈 Missing 24h change for ETH"}
{"timestamp":"2025-09-13T18:04:19.931Z","level":"WARN","message":"⚠️ Failed to fetch live price for ROLL:","data":"Request failed with status code 429"}
{"timestamp":"2025-09-13T18:04:19.932Z","level":"WARN","message":"⚠️ No price found for ROLL, returning 0"}
{"timestamp":"2025-09-13T18:04:19.932Z","level":"WARN","message":"📈 Missing 24h change for ROLL"}
{"timestamp":"2025-09-13T18:04:19.935Z","level":"WARN","message":"📈 Missing 24h change for UNI"}
{"timestamp":"2025-09-13T18:04:19.937Z","level":"WARN","message":"📈 Missing 24h change for WBTC"}
{"timestamp":"2025-09-13T18:04:19.946Z","level":"WARN","message":"📈 Missing 24h change for LINK"}
{"timestamp":"2025-09-13T18:04:20.151Z","level":"WARN","message":"⚠️ Failed to fetch live price for RAI:","data":"Request failed with status code 429"}
{"timestamp":"2025-09-13T18:04:20.151Z","level":"WARN","message":"⚠️ No price found for RAI, returning 0"}
{"timestamp":"2025-09-13T18:04:20.152Z","level":"WARN","message":"📈 Missing 24h change for RAI"}
{"timestamp":"2025-09-13T18:04:20.153Z","level":"WARN","message":"📈 Missing 24h change for USDT"}
{"timestamp":"2025-09-13T18:04:20.154Z","level":"WARN","message":"📈 Missing 24h change for DAI"}
{"timestamp":"2025-09-13T18:04:20.700Z","level":"WARN","message":"⚠️ Failed to fetch live price for ZENT:","data":"Request failed with status code 429"}
{"timestamp":"2025-09-13T18:04:20.701Z","level":"WARN","message":"⚠️ No price found for ZENT, returning 0"}
{"timestamp":"2025-09-13T18:04:20.702Z","level":"WARN","message":"📈 Missing 24h change for ZENT"}
{"timestamp":"2025-09-13T18:04:20.704Z","level":"WARN","message":"📈 Missing 24h change for USDC"}
{"timestamp":"2025-09-13T18:04:20.836Z","level":"WARN","message":"⚠️ Failed to fetch prices from CoinGecko:","data":"Request failed with status code 429"}
{"timestamp":"2025-09-13T18:04:21.708Z","level":"WARN","message":"📈 Missing 24h change for ETH"}
{"timestamp":"2025-09-13T18:04:21.899Z","level":"WARN","message":"⚠️ Failed to fetch live price for ROLL:","data":"Request failed with status code 429"}
{"timestamp":"2025-09-13T18:04:21.899Z","level":"WARN","message":"⚠️ No price found for ROLL, returning 0"}
{"timestamp":"2025-09-13T18:04:21.900Z","level":"WARN","message":"📈 Missing 24h change for ROLL"}
{"timestamp":"2025-09-13T18:04:21.902Z","level":"WARN","message":"📈 Missing 24h change for UNI"}
{"timestamp":"2025-09-13T18:04:21.905Z","level":"WARN","message":"📈 Missing 24h change for WBTC"}
{"timestamp":"2025-09-13T18:04:21.909Z","level":"WARN","message":"📈 Missing 24h change for LINK"}
{"timestamp":"2025-09-13T18:04:22.102Z","level":"WARN","message":"⚠️ Failed to fetch live price for RAI:","data":"Request failed with status code 429"}
{"timestamp":"2025-09-13T18:04:22.103Z","level":"WARN","message":"⚠️ No price found for RAI, returning 0"}
{"timestamp":"2025-09-13T18:04:22.103Z","level":"WARN","message":"📈 Missing 24h change for RAI"}
{"timestamp":"2025-09-13T18:04:22.105Z","level":"WARN","message":"📈 Missing 24h change for USDT"}
{"timestamp":"2025-09-13T18:04:22.110Z","level":"WARN","message":"📈 Missing 24h change for DAI"}
{"timestamp":"2025-09-13T18:04:22.304Z","level":"WARN","message":"⚠️ Failed to fetch live price for ZENT:","data":"Request failed with status code 429"}
{"timestamp":"2025-09-13T18:04:22.305Z","level":"WARN","message":"⚠️ No price found for ZENT, returning 0"}
{"timestamp":"2025-09-13T18:04:22.305Z","level":"WARN","message":"📈 Missing 24h change for ZENT"}
{"timestamp":"2025-09-13T18:04:22.307Z","level":"WARN","message":"📈 Missing 24h change for USDC"}
{"timestamp":"2025-09-13T18:04:22.431Z","level":"WARN","message":"⚠️ Failed to fetch prices from CoinGecko:","data":"Request failed with status code 429"}
{"timestamp":"2025-09-13T18:04:23.305Z","level":"WARN","message":"📈 Missing 24h change for ETH"}
{"timestamp":"2025-09-13T18:04:23.494Z","level":"WARN","message":"⚠️ Failed to fetch live price for ROLL:","data":"Request failed with status code 429"}
{"timestamp":"2025-09-13T18:04:23.495Z","level":"WARN","message":"⚠️ No price found for ROLL, returning 0"}
{"timestamp":"2025-09-13T18:04:23.496Z","level":"WARN","message":"📈 Missing 24h change for ROLL"}
{"timestamp":"2025-09-13T18:04:23.499Z","level":"WARN","message":"📈 Missing 24h change for UNI"}
{"timestamp":"2025-09-13T18:04:23.502Z","level":"WARN","message":"📈 Missing 24h change for WBTC"}
{"timestamp":"2025-09-13T18:04:23.508Z","level":"WARN","message":"📈 Missing 24h change for LINK"}
{"timestamp":"2025-09-13T18:04:23.713Z","level":"WARN","message":"⚠️ Failed to fetch live price for RAI:","data":"Request failed with status code 429"}
{"timestamp":"2025-09-13T18:04:23.714Z","level":"WARN","message":"⚠️ No price found for RAI, returning 0"}
{"timestamp":"2025-09-13T18:04:23.714Z","level":"WARN","message":"📈 Missing 24h change for RAI"}
{"timestamp":"2025-09-13T18:04:23.716Z","level":"WARN","message":"📈 Missing 24h change for USDT"}
{"timestamp":"2025-09-13T18:04:23.718Z","level":"WARN","message":"📈 Missing 24h change for DAI"}
{"timestamp":"2025-09-13T18:04:23.914Z","level":"WARN","message":"⚠️ Failed to fetch live price for ZENT:","data":"Request failed with status code 429"}
{"timestamp":"2025-09-13T18:04:23.915Z","level":"WARN","message":"⚠️ No price found for ZENT, returning 0"}
{"timestamp":"2025-09-13T18:04:23.915Z","level":"WARN","message":"📈 Missing 24h change for ZENT"}
{"timestamp":"2025-09-13T18:04:23.916Z","level":"WARN","message":"📈 Missing 24h change for USDC"}
{"timestamp":"2025-09-13T18:07:34.927Z","level":"WARN","message":"⚠️ Failed to fetch prices from CoinGecko:","data":"Request failed with status code 429"}
{"timestamp":"2025-09-13T18:07:35.577Z","level":"WARN","message":"⚠️ Failed to fetch prices from CoinGecko:","data":"Request failed with status code 429"}
{"timestamp":"2025-09-13T18:07:36.331Z","level":"WARN","message":"⚠️ Failed to fetch prices from CoinGecko:","data":"Request failed with status code 429"}
{"timestamp":"2025-09-13T18:22:01.102Z","level":"WARN","message":"📈 Missing 24h price change data for ETH"}
{"timestamp":"2025-09-13T18:22:01.922Z","level":"WARN","message":"📈 Missing 24h price change data for ROLL"}
{"timestamp":"2025-09-13T18:22:01.926Z","level":"WARN","message":"📈 Missing 24h price change data for UNI"}
{"timestamp":"2025-09-13T18:22:01.934Z","level":"WARN","message":"📈 Missing 24h price change data for WBTC"}
{"timestamp":"2025-09-13T18:22:01.941Z","level":"WARN","message":"📈 Missing 24h price change data for LINK"}
{"timestamp":"2025-09-13T18:22:02.469Z","level":"WARN","message":"📈 Missing 24h price change data for RAI"}
{"timestamp":"2025-09-13T18:22:02.484Z","level":"WARN","message":"📈 Missing 24h price change data for USDT"}
{"timestamp":"2025-09-13T18:22:02.497Z","level":"WARN","message":"📈 Missing 24h price change data for DAI"}
{"timestamp":"2025-09-13T18:22:03.378Z","level":"WARN","message":"📈 Missing 24h price change data for ZENT"}
{"timestamp":"2025-09-13T18:22:03.384Z","level":"WARN","message":"📈 Missing 24h price change data for USDC"}
{"timestamp":"2025-09-13T18:22:03.464Z","level":"WARN","message":"⚠️ Failed to fetch prices from CoinGecko:","data":"Request failed with status code 429"}
{"timestamp":"2025-09-13T18:22:11.372Z","level":"WARN","message":"⚠️ Failed to fetch prices from CoinGecko:","data":"Request failed with status code 429"}
{"timestamp":"2025-09-13T18:22:12.053Z","level":"WARN","message":"📈 Missing 24h price change data for ETH"}
{"timestamp":"2025-09-13T18:22:12.056Z","level":"WARN","message":"📈 Missing 24h price change data for ROLL"}
{"timestamp":"2025-09-13T18:22:12.059Z","level":"WARN","message":"📈 Missing 24h price change data for UNI"}
{"timestamp":"2025-09-13T18:22:12.061Z","level":"WARN","message":"📈 Missing 24h price change data for WBTC"}
{"timestamp":"2025-09-13T18:22:12.063Z","level":"WARN","message":"📈 Missing 24h price change data for LINK"}
{"timestamp":"2025-09-13T18:22:12.066Z","level":"WARN","message":"📈 Missing 24h price change data for RAI"}
{"timestamp":"2025-09-13T18:22:12.068Z","level":"WARN","message":"📈 Missing 24h price change data for USDT"}
{"timestamp":"2025-09-13T18:22:12.071Z","level":"WARN","message":"📈 Missing 24h price change data for DAI"}
{"timestamp":"2025-09-13T18:22:12.073Z","level":"WARN","message":"📈 Missing 24h price change data for ZENT"}
{"timestamp":"2025-09-13T18:22:12.075Z","level":"WARN","message":"📈 Missing 24h price change data for USDC"}
{"timestamp":"2025-09-13T18:22:12.188Z","level":"WARN","message":"⚠️ Failed to fetch prices from CoinGecko:","data":"Request failed with status code 429"}
{"timestamp":"2025-09-13T18:22:12.672Z","level":"WARN","message":"📈 Missing 24h price change data for ETH"}
{"timestamp":"2025-09-13T18:22:12.687Z","level":"WARN","message":"📈 Missing 24h price change data for ROLL"}
{"timestamp":"2025-09-13T18:22:12.707Z","level":"WARN","message":"📈 Missing 24h price change data for UNI"}
{"timestamp":"2025-09-13T18:22:12.732Z","level":"WARN","message":"📈 Missing 24h price change data for WBTC"}
{"timestamp":"2025-09-13T18:22:12.755Z","level":"WARN","message":"📈 Missing 24h price change data for LINK"}
{"timestamp":"2025-09-13T18:22:12.761Z","level":"WARN","message":"📈 Missing 24h price change data for RAI"}
{"timestamp":"2025-09-13T18:22:12.775Z","level":"WARN","message":"📈 Missing 24h price change data for USDT"}
{"timestamp":"2025-09-13T18:22:12.789Z","level":"WARN","message":"📈 Missing 24h price change data for DAI"}
{"timestamp":"2025-09-13T18:22:12.810Z","level":"WARN","message":"📈 Missing 24h price change data for ZENT"}
{"timestamp":"2025-09-13T18:22:12.825Z","level":"WARN","message":"📈 Missing 24h price change data for USDC"}
{"timestamp":"2025-09-13T18:22:12.956Z","level":"WARN","message":"⚠️ Failed to fetch prices from CoinGecko:","data":"Request failed with status code 429"}
{"timestamp":"2025-09-13T18:22:13.416Z","level":"WARN","message":"📈 Missing 24h price change data for ETH"}
{"timestamp":"2025-09-13T18:22:13.422Z","level":"WARN","message":"📈 Missing 24h price change data for ROLL"}
{"timestamp":"2025-09-13T18:22:13.428Z","level":"WARN","message":"📈 Missing 24h price change data for UNI"}
{"timestamp":"2025-09-13T18:22:13.430Z","level":"WARN","message":"📈 Missing 24h price change data for WBTC"}
{"timestamp":"2025-09-13T18:22:13.435Z","level":"WARN","message":"📈 Missing 24h price change data for LINK"}
{"timestamp":"2025-09-13T18:22:13.438Z","level":"WARN","message":"📈 Missing 24h price change data for RAI"}
{"timestamp":"2025-09-13T18:22:13.442Z","level":"WARN","message":"📈 Missing 24h price change data for USDT"}
{"timestamp":"2025-09-13T18:22:13.446Z","level":"WARN","message":"📈 Missing 24h price change data for DAI"}
{"timestamp":"2025-09-13T18:22:13.449Z","level":"WARN","message":"📈 Missing 24h price change data for ZENT"}
{"timestamp":"2025-09-13T18:22:13.452Z","level":"WARN","message":"📈 Missing 24h price change data for USDC"}
{"timestamp":"2025-09-13T18:22:13.572Z","level":"WARN","message":"⚠️ Failed to fetch prices from CoinGecko:","data":"Request failed with status code 429"}
{"timestamp":"2025-09-13T18:22:14.313Z","level":"WARN","message":"📈 Missing 24h price change data for ETH"}
{"timestamp":"2025-09-13T18:22:14.317Z","level":"WARN","message":"📈 Missing 24h price change data for ROLL"}
{"timestamp":"2025-09-13T18:22:14.323Z","level":"WARN","message":"📈 Missing 24h price change data for UNI"}
{"timestamp":"2025-09-13T18:22:14.330Z","level":"WARN","message":"📈 Missing 24h price change data for WBTC"}
{"timestamp":"2025-09-13T18:22:14.337Z","level":"WARN","message":"📈 Missing 24h price change data for LINK"}
{"timestamp":"2025-09-13T18:22:14.342Z","level":"WARN","message":"📈 Missing 24h price change data for RAI"}
{"timestamp":"2025-09-13T18:22:14.346Z","level":"WARN","message":"📈 Missing 24h price change data for USDT"}
{"timestamp":"2025-09-13T18:22:14.352Z","level":"WARN","message":"📈 Missing 24h price change data for DAI"}
{"timestamp":"2025-09-13T18:22:14.358Z","level":"WARN","message":"📈 Missing 24h price change data for ZENT"}
{"timestamp":"2025-09-13T18:22:14.361Z","level":"WARN","message":"📈 Missing 24h price change data for USDC"}
{"timestamp":"2025-09-13T19:13:38.065Z","level":"WARN","message":"⚠️ Failed to fetch live price for ZENT:","data":"Request failed with status code 429"}
{"timestamp":"2025-09-13T19:13:38.097Z","level":"WARN","message":"⚠️ No price found for ZENT, returning 0"}
{"timestamp":"2025-09-13T19:13:40.154Z","level":"WARN","message":"⚠️ Failed to fetch live price for ZENT:","data":"Request failed with status code 429"}
{"timestamp":"2025-09-13T19:13:40.155Z","level":"WARN","message":"⚠️ No price found for ZENT, returning 0"}
{"timestamp":"2025-09-13T19:13:40.280Z","level":"WARN","message":"⚠️ Failed to fetch prices from CoinGecko:","data":"Request failed with status code 429"}
{"timestamp":"2025-09-13T19:13:42.252Z","level":"WARN","message":"⚠️ Failed to fetch live price for ZENT:","data":"Request failed with status code 429"}
{"timestamp":"2025-09-13T19:13:42.253Z","level":"WARN","message":"⚠️ No price found for ZENT, returning 0"}
{"timestamp":"2025-09-13T19:13:42.367Z","level":"WARN","message":"⚠️ Failed to fetch prices from CoinGecko:","data":"Request failed with status code 429"}
{"timestamp":"2025-09-13T19:13:44.192Z","level":"WARN","message":"⚠️ Failed to fetch live price for ZENT:","data":"Request failed with status code 429"}
{"timestamp":"2025-09-13T19:13:44.192Z","level":"WARN","message":"⚠️ No price found for ZENT, returning 0"}
{"timestamp":"2025-09-13T19:13:52.637Z","level":"WARN","message":"⚠️ Failed to fetch prices from CoinGecko:","data":"Request failed with status code 429"}
{"timestamp":"2025-09-13T19:18:39.968Z","level":"WARN","message":"⚠️ Failed to fetch prices from CoinGecko:","data":"Request failed with status code 429"}
{"timestamp":"2025-09-13T19:18:40.990Z","level":"WARN","message":"⚠️ Failed to fetch prices from CoinGecko:","data":"Request failed with status code 429"}
{"timestamp":"2025-09-13T19:18:42.061Z","level":"WARN","message":"⚠️ Failed to fetch prices from CoinGecko:","data":"Request failed with status code 429"}
{"timestamp":"2025-09-13T19:19:08.330Z","level":"WARN","message":"⚠️ Failed to fetch prices from CoinGecko:","data":"Request failed with status code 429"}
{"timestamp":"2025-09-13T19:19:09.527Z","level":"WARN","message":"⚠️ Failed to fetch prices from CoinGecko:","data":"Request failed with status code 429"}
{"timestamp":"2025-09-13T19:19:10.595Z","level":"WARN","message":"⚠️ Failed to fetch prices from CoinGecko:","data":"Request failed with status code 429"}
